        -:    0:Source:/usr/include/gtest/internal/gtest-type-util.h
        -:    0:Graph:TestDeque.gcno
        -:    0:Data:TestDeque.gcda
        -:    0:Runs:3
        -:    0:Programs:1
        -:    1:// This file was GENERATED by command:
        -:    2://     pump.py gtest-type-util.h.pump
        -:    3:// DO NOT EDIT BY HAND!!!
        -:    4:
        -:    5:// Copyright 2008 Google Inc.
        -:    6:// All Rights Reserved.
        -:    7://
        -:    8:// Redistribution and use in source and binary forms, with or without
        -:    9:// modification, are permitted provided that the following conditions are
        -:   10:// met:
        -:   11://
        -:   12://     * Redistributions of source code must retain the above copyright
        -:   13:// notice, this list of conditions and the following disclaimer.
        -:   14://     * Redistributions in binary form must reproduce the above
        -:   15:// copyright notice, this list of conditions and the following disclaimer
        -:   16:// in the documentation and/or other materials provided with the
        -:   17:// distribution.
        -:   18://     * Neither the name of Google Inc. nor the names of its
        -:   19:// contributors may be used to endorse or promote products derived from
        -:   20:// this software without specific prior written permission.
        -:   21://
        -:   22:// THIS SOFTWARE IS PROVIDED BY THE COPYRIGHT HOLDERS AND CONTRIBUTORS
        -:   23:// "AS IS" AND ANY EXPRESS OR IMPLIED WARRANTIES, INCLUDING, BUT NOT
        -:   24:// LIMITED TO, THE IMPLIED WARRANTIES OF MERCHANTABILITY AND FITNESS FOR
        -:   25:// A PARTICULAR PURPOSE ARE DISCLAIMED. IN NO EVENT SHALL THE COPYRIGHT
        -:   26:// OWNER OR CONTRIBUTORS BE LIABLE FOR ANY DIRECT, INDIRECT, INCIDENTAL,
        -:   27:// SPECIAL, EXEMPLARY, OR CONSEQUENTIAL DAMAGES (INCLUDING, BUT NOT
        -:   28:// LIMITED TO, PROCUREMENT OF SUBSTITUTE GOODS OR SERVICES; LOSS OF USE,
        -:   29:// DATA, OR PROFITS; OR BUSINESS INTERRUPTION) HOWEVER CAUSED AND ON ANY
        -:   30:// THEORY OF LIABILITY, WHETHER IN CONTRACT, STRICT LIABILITY, OR TORT
        -:   31:// (INCLUDING NEGLIGENCE OR OTHERWISE) ARISING IN ANY WAY OUT OF THE USE
        -:   32:// OF THIS SOFTWARE, EVEN IF ADVISED OF THE POSSIBILITY OF SUCH DAMAGE.
        -:   33://
        -:   34:// Author: wan@google.com (Zhanyong Wan)
        -:   35:
        -:   36:// Type utilities needed for implementing typed and type-parameterized
        -:   37:// tests.  This file is generated by a SCRIPT.  DO NOT EDIT BY HAND!
        -:   38://
        -:   39:// Currently we support at most 50 types in a list, and at most 50
        -:   40:// type-parameterized tests in one type-parameterized test case.
        -:   41:// Please contact googletestframework@googlegroups.com if you need
        -:   42:// more.
        -:   43:
        -:   44:#ifndef GTEST_INCLUDE_GTEST_INTERNAL_GTEST_TYPE_UTIL_H_
        -:   45:#define GTEST_INCLUDE_GTEST_INTERNAL_GTEST_TYPE_UTIL_H_
        -:   46:
        -:   47:#include "gtest/internal/gtest-port.h"
        -:   48:#include "gtest/internal/gtest-string.h"
        -:   49:
        -:   50:// #ifdef __GNUC__ is too general here.  It is possible to use gcc without using
        -:   51:// libstdc++ (which is where cxxabi.h comes from).
        -:   52:# ifdef __GLIBCXX__
        -:   53:#  include <cxxabi.h>
        -:   54:# elif defined(__HP_aCC)
        -:   55:#  include <acxx_demangle.h>
        -:   56:# endif  // __GLIBCXX__
        -:   57:
        -:   58:namespace testing {
        -:   59:namespace internal {
        -:   60:
        -:   61:// GetTypeName<T>() returns a human-readable name of type T.
        -:   62:// NB: This function is also used in Google Mock, so don't move it inside of
        -:   63:// the typed-test-only section below.
        -:   64:template <typename T>
function _ZN7testing8internal11GetTypeNameI8my_dequeIdSaIdEEEENS0_6StringEv called 405 returned 100% blocks executed 78%
function _ZN7testing8internal11GetTypeNameI8my_dequeIiSaIiEEEENS0_6StringEv called 405 returned 100% blocks executed 78%
function _ZN7testing8internal11GetTypeNameISt5dequeIdSaIdEEEENS0_6StringEv called 405 returned 100% blocks executed 78%
function _ZN7testing8internal11GetTypeNameISt5dequeIiSaIiEEEENS0_6StringEv called 405 returned 100% blocks executed 78%
     1620:   65:String GetTypeName() {
        -:   66:# if GTEST_HAS_RTTI
        -:   67:
     1620:   68:  const char* const name = typeid(T).name();
call    0 returned 100%
call    1 returned 100%
call    2 returned 100%
call    3 returned 100%
        -:   69:#  if defined(__GLIBCXX__) || defined(__HP_aCC)
     1620:   70:  int status = 0;
        -:   71:  // gcc's implementation of typeid(T).name() mangles the type name,
        -:   72:  // so we have to demangle it.
        -:   73:#   ifdef __GLIBCXX__
        -:   74:  using abi::__cxa_demangle;
        -:   75:#   endif // __GLIBCXX__
     1620:   76:  char* const readable_name = __cxa_demangle(name, 0, 0, &status);
branch  0 taken 100% (fallthrough)
branch  1 taken 0% (throw)
call    2 returned 100%
branch  3 taken 100% (fallthrough)
branch  4 taken 0% (throw)
call    5 returned 100%
branch  6 taken 100% (fallthrough)
branch  7 taken 0% (throw)
call    8 returned 100%
branch  9 taken 100% (fallthrough)
branch 10 taken 0% (throw)
call   11 returned 100%
     1620:   77:  const String name_str(status == 0 ? readable_name : name);
branch  0 taken 100% (fallthrough)
branch  1 taken 0%
branch  2 taken 100% (fallthrough)
branch  3 taken 0% (throw)
call    4 returned 100%
branch  5 taken 100% (fallthrough)
branch  6 taken 0%
branch  7 taken 100% (fallthrough)
branch  8 taken 0% (throw)
call    9 returned 100%
branch 10 taken 100% (fallthrough)
branch 11 taken 0%
branch 12 taken 100% (fallthrough)
branch 13 taken 0% (throw)
call   14 returned 100%
branch 15 taken 100% (fallthrough)
branch 16 taken 0%
branch 17 taken 100% (fallthrough)
branch 18 taken 0% (throw)
call   19 returned 100%
     1620:   78:  free(readable_name);
     1620:   79:  return name_str;
call    0 never executed
call    1 never executed
call    2 never executed
call    3 never executed
        -:   80:#  else
        -:   81:  return name;
        -:   82:#  endif  // __GLIBCXX__ || __HP_aCC
        -:   83:
        -:   84:# else
        -:   85:
        -:   86:  return "<type>";
        -:   87:
        -:   88:# endif  // GTEST_HAS_RTTI
        -:   89:}
        -:   90:
        -:   91:#if GTEST_HAS_TYPED_TEST || GTEST_HAS_TYPED_TEST_P
        -:   92:
        -:   93:// AssertyTypeEq<T1, T2>::type is defined iff T1 and T2 are the same
        -:   94:// type.  This can be used as a compile-time assertion to ensure that
        -:   95:// two types are equal.
        -:   96:
        -:   97:template <typename T1, typename T2>
        -:   98:struct AssertTypeEq;
        -:   99:
        -:  100:template <typename T>
        -:  101:struct AssertTypeEq<T, T> {
        -:  102:  typedef bool type;
        -:  103:};
        -:  104:
        -:  105:// A unique type used as the default value for the arguments of class
        -:  106:// template Types.  This allows us to simulate variadic templates
        -:  107:// (e.g. Types<int>, Type<int, double>, and etc), which C++ doesn't
        -:  108:// support directly.
        -:  109:struct None {};
        -:  110:
        -:  111:// The following family of struct and struct templates are used to
        -:  112:// represent type lists.  In particular, TypesN<T1, T2, ..., TN>
        -:  113:// represents a type list with N types (T1, T2, ..., and TN) in it.
        -:  114:// Except for Types0, every struct in the family has two member types:
        -:  115:// Head for the first type in the list, and Tail for the rest of the
        -:  116:// list.
        -:  117:
        -:  118:// The empty type list.
        -:  119:struct Types0 {};
        -:  120:
        -:  121:// Type lists of length 1, 2, 3, and so on.
        -:  122:
        -:  123:template <typename T1>
        -:  124:struct Types1 {
        -:  125:  typedef T1 Head;
        -:  126:  typedef Types0 Tail;
        -:  127:};
        -:  128:template <typename T1, typename T2>
        -:  129:struct Types2 {
        -:  130:  typedef T1 Head;
        -:  131:  typedef Types1<T2> Tail;
        -:  132:};
        -:  133:
        -:  134:template <typename T1, typename T2, typename T3>
        -:  135:struct Types3 {
        -:  136:  typedef T1 Head;
        -:  137:  typedef Types2<T2, T3> Tail;
        -:  138:};
        -:  139:
        -:  140:template <typename T1, typename T2, typename T3, typename T4>
        -:  141:struct Types4 {
        -:  142:  typedef T1 Head;
        -:  143:  typedef Types3<T2, T3, T4> Tail;
        -:  144:};
        -:  145:
        -:  146:template <typename T1, typename T2, typename T3, typename T4, typename T5>
        -:  147:struct Types5 {
        -:  148:  typedef T1 Head;
        -:  149:  typedef Types4<T2, T3, T4, T5> Tail;
        -:  150:};
        -:  151:
        -:  152:template <typename T1, typename T2, typename T3, typename T4, typename T5,
        -:  153:    typename T6>
        -:  154:struct Types6 {
        -:  155:  typedef T1 Head;
        -:  156:  typedef Types5<T2, T3, T4, T5, T6> Tail;
        -:  157:};
        -:  158:
        -:  159:template <typename T1, typename T2, typename T3, typename T4, typename T5,
        -:  160:    typename T6, typename T7>
        -:  161:struct Types7 {
        -:  162:  typedef T1 Head;
        -:  163:  typedef Types6<T2, T3, T4, T5, T6, T7> Tail;
        -:  164:};
        -:  165:
        -:  166:template <typename T1, typename T2, typename T3, typename T4, typename T5,
        -:  167:    typename T6, typename T7, typename T8>
        -:  168:struct Types8 {
        -:  169:  typedef T1 Head;
        -:  170:  typedef Types7<T2, T3, T4, T5, T6, T7, T8> Tail;
        -:  171:};
        -:  172:
        -:  173:template <typename T1, typename T2, typename T3, typename T4, typename T5,
        -:  174:    typename T6, typename T7, typename T8, typename T9>
        -:  175:struct Types9 {
        -:  176:  typedef T1 Head;
        -:  177:  typedef Types8<T2, T3, T4, T5, T6, T7, T8, T9> Tail;
        -:  178:};
        -:  179:
        -:  180:template <typename T1, typename T2, typename T3, typename T4, typename T5,
        -:  181:    typename T6, typename T7, typename T8, typename T9, typename T10>
        -:  182:struct Types10 {
        -:  183:  typedef T1 Head;
        -:  184:  typedef Types9<T2, T3, T4, T5, T6, T7, T8, T9, T10> Tail;
        -:  185:};
        -:  186:
        -:  187:template <typename T1, typename T2, typename T3, typename T4, typename T5,
        -:  188:    typename T6, typename T7, typename T8, typename T9, typename T10,
        -:  189:    typename T11>
        -:  190:struct Types11 {
        -:  191:  typedef T1 Head;
        -:  192:  typedef Types10<T2, T3, T4, T5, T6, T7, T8, T9, T10, T11> Tail;
        -:  193:};
        -:  194:
        -:  195:template <typename T1, typename T2, typename T3, typename T4, typename T5,
        -:  196:    typename T6, typename T7, typename T8, typename T9, typename T10,
        -:  197:    typename T11, typename T12>
        -:  198:struct Types12 {
        -:  199:  typedef T1 Head;
        -:  200:  typedef Types11<T2, T3, T4, T5, T6, T7, T8, T9, T10, T11, T12> Tail;
        -:  201:};
        -:  202:
        -:  203:template <typename T1, typename T2, typename T3, typename T4, typename T5,
        -:  204:    typename T6, typename T7, typename T8, typename T9, typename T10,
        -:  205:    typename T11, typename T12, typename T13>
        -:  206:struct Types13 {
        -:  207:  typedef T1 Head;
        -:  208:  typedef Types12<T2, T3, T4, T5, T6, T7, T8, T9, T10, T11, T12, T13> Tail;
        -:  209:};
        -:  210:
        -:  211:template <typename T1, typename T2, typename T3, typename T4, typename T5,
        -:  212:    typename T6, typename T7, typename T8, typename T9, typename T10,
        -:  213:    typename T11, typename T12, typename T13, typename T14>
        -:  214:struct Types14 {
        -:  215:  typedef T1 Head;
        -:  216:  typedef Types13<T2, T3, T4, T5, T6, T7, T8, T9, T10, T11, T12, T13, T14> Tail;
        -:  217:};
        -:  218:
        -:  219:template <typename T1, typename T2, typename T3, typename T4, typename T5,
        -:  220:    typename T6, typename T7, typename T8, typename T9, typename T10,
        -:  221:    typename T11, typename T12, typename T13, typename T14, typename T15>
        -:  222:struct Types15 {
        -:  223:  typedef T1 Head;
        -:  224:  typedef Types14<T2, T3, T4, T5, T6, T7, T8, T9, T10, T11, T12, T13, T14,
        -:  225:      T15> Tail;
        -:  226:};
        -:  227:
        -:  228:template <typename T1, typename T2, typename T3, typename T4, typename T5,
        -:  229:    typename T6, typename T7, typename T8, typename T9, typename T10,
        -:  230:    typename T11, typename T12, typename T13, typename T14, typename T15,
        -:  231:    typename T16>
        -:  232:struct Types16 {
        -:  233:  typedef T1 Head;
        -:  234:  typedef Types15<T2, T3, T4, T5, T6, T7, T8, T9, T10, T11, T12, T13, T14, T15,
        -:  235:      T16> Tail;
        -:  236:};
        -:  237:
        -:  238:template <typename T1, typename T2, typename T3, typename T4, typename T5,
        -:  239:    typename T6, typename T7, typename T8, typename T9, typename T10,
        -:  240:    typename T11, typename T12, typename T13, typename T14, typename T15,
        -:  241:    typename T16, typename T17>
        -:  242:struct Types17 {
        -:  243:  typedef T1 Head;
        -:  244:  typedef Types16<T2, T3, T4, T5, T6, T7, T8, T9, T10, T11, T12, T13, T14, T15,
        -:  245:      T16, T17> Tail;
        -:  246:};
        -:  247:
        -:  248:template <typename T1, typename T2, typename T3, typename T4, typename T5,
        -:  249:    typename T6, typename T7, typename T8, typename T9, typename T10,
        -:  250:    typename T11, typename T12, typename T13, typename T14, typename T15,
        -:  251:    typename T16, typename T17, typename T18>
        -:  252:struct Types18 {
        -:  253:  typedef T1 Head;
        -:  254:  typedef Types17<T2, T3, T4, T5, T6, T7, T8, T9, T10, T11, T12, T13, T14, T15,
        -:  255:      T16, T17, T18> Tail;
        -:  256:};
        -:  257:
        -:  258:template <typename T1, typename T2, typename T3, typename T4, typename T5,
        -:  259:    typename T6, typename T7, typename T8, typename T9, typename T10,
        -:  260:    typename T11, typename T12, typename T13, typename T14, typename T15,
        -:  261:    typename T16, typename T17, typename T18, typename T19>
        -:  262:struct Types19 {
        -:  263:  typedef T1 Head;
        -:  264:  typedef Types18<T2, T3, T4, T5, T6, T7, T8, T9, T10, T11, T12, T13, T14, T15,
        -:  265:      T16, T17, T18, T19> Tail;
        -:  266:};
        -:  267:
        -:  268:template <typename T1, typename T2, typename T3, typename T4, typename T5,
        -:  269:    typename T6, typename T7, typename T8, typename T9, typename T10,
        -:  270:    typename T11, typename T12, typename T13, typename T14, typename T15,
        -:  271:    typename T16, typename T17, typename T18, typename T19, typename T20>
        -:  272:struct Types20 {
        -:  273:  typedef T1 Head;
        -:  274:  typedef Types19<T2, T3, T4, T5, T6, T7, T8, T9, T10, T11, T12, T13, T14, T15,
        -:  275:      T16, T17, T18, T19, T20> Tail;
        -:  276:};
        -:  277:
        -:  278:template <typename T1, typename T2, typename T3, typename T4, typename T5,
        -:  279:    typename T6, typename T7, typename T8, typename T9, typename T10,
        -:  280:    typename T11, typename T12, typename T13, typename T14, typename T15,
        -:  281:    typename T16, typename T17, typename T18, typename T19, typename T20,
        -:  282:    typename T21>
        -:  283:struct Types21 {
        -:  284:  typedef T1 Head;
        -:  285:  typedef Types20<T2, T3, T4, T5, T6, T7, T8, T9, T10, T11, T12, T13, T14, T15,
        -:  286:      T16, T17, T18, T19, T20, T21> Tail;
        -:  287:};
        -:  288:
        -:  289:template <typename T1, typename T2, typename T3, typename T4, typename T5,
        -:  290:    typename T6, typename T7, typename T8, typename T9, typename T10,
        -:  291:    typename T11, typename T12, typename T13, typename T14, typename T15,
        -:  292:    typename T16, typename T17, typename T18, typename T19, typename T20,
        -:  293:    typename T21, typename T22>
        -:  294:struct Types22 {
        -:  295:  typedef T1 Head;
        -:  296:  typedef Types21<T2, T3, T4, T5, T6, T7, T8, T9, T10, T11, T12, T13, T14, T15,
        -:  297:      T16, T17, T18, T19, T20, T21, T22> Tail;
        -:  298:};
        -:  299:
        -:  300:template <typename T1, typename T2, typename T3, typename T4, typename T5,
        -:  301:    typename T6, typename T7, typename T8, typename T9, typename T10,
        -:  302:    typename T11, typename T12, typename T13, typename T14, typename T15,
        -:  303:    typename T16, typename T17, typename T18, typename T19, typename T20,
        -:  304:    typename T21, typename T22, typename T23>
        -:  305:struct Types23 {
        -:  306:  typedef T1 Head;
        -:  307:  typedef Types22<T2, T3, T4, T5, T6, T7, T8, T9, T10, T11, T12, T13, T14, T15,
        -:  308:      T16, T17, T18, T19, T20, T21, T22, T23> Tail;
        -:  309:};
        -:  310:
        -:  311:template <typename T1, typename T2, typename T3, typename T4, typename T5,
        -:  312:    typename T6, typename T7, typename T8, typename T9, typename T10,
        -:  313:    typename T11, typename T12, typename T13, typename T14, typename T15,
        -:  314:    typename T16, typename T17, typename T18, typename T19, typename T20,
        -:  315:    typename T21, typename T22, typename T23, typename T24>
        -:  316:struct Types24 {
        -:  317:  typedef T1 Head;
        -:  318:  typedef Types23<T2, T3, T4, T5, T6, T7, T8, T9, T10, T11, T12, T13, T14, T15,
        -:  319:      T16, T17, T18, T19, T20, T21, T22, T23, T24> Tail;
        -:  320:};
        -:  321:
        -:  322:template <typename T1, typename T2, typename T3, typename T4, typename T5,
        -:  323:    typename T6, typename T7, typename T8, typename T9, typename T10,
        -:  324:    typename T11, typename T12, typename T13, typename T14, typename T15,
        -:  325:    typename T16, typename T17, typename T18, typename T19, typename T20,
        -:  326:    typename T21, typename T22, typename T23, typename T24, typename T25>
        -:  327:struct Types25 {
        -:  328:  typedef T1 Head;
        -:  329:  typedef Types24<T2, T3, T4, T5, T6, T7, T8, T9, T10, T11, T12, T13, T14, T15,
        -:  330:      T16, T17, T18, T19, T20, T21, T22, T23, T24, T25> Tail;
        -:  331:};
        -:  332:
        -:  333:template <typename T1, typename T2, typename T3, typename T4, typename T5,
        -:  334:    typename T6, typename T7, typename T8, typename T9, typename T10,
        -:  335:    typename T11, typename T12, typename T13, typename T14, typename T15,
        -:  336:    typename T16, typename T17, typename T18, typename T19, typename T20,
        -:  337:    typename T21, typename T22, typename T23, typename T24, typename T25,
        -:  338:    typename T26>
        -:  339:struct Types26 {
        -:  340:  typedef T1 Head;
        -:  341:  typedef Types25<T2, T3, T4, T5, T6, T7, T8, T9, T10, T11, T12, T13, T14, T15,
        -:  342:      T16, T17, T18, T19, T20, T21, T22, T23, T24, T25, T26> Tail;
        -:  343:};
        -:  344:
        -:  345:template <typename T1, typename T2, typename T3, typename T4, typename T5,
        -:  346:    typename T6, typename T7, typename T8, typename T9, typename T10,
        -:  347:    typename T11, typename T12, typename T13, typename T14, typename T15,
        -:  348:    typename T16, typename T17, typename T18, typename T19, typename T20,
        -:  349:    typename T21, typename T22, typename T23, typename T24, typename T25,
        -:  350:    typename T26, typename T27>
        -:  351:struct Types27 {
        -:  352:  typedef T1 Head;
        -:  353:  typedef Types26<T2, T3, T4, T5, T6, T7, T8, T9, T10, T11, T12, T13, T14, T15,
        -:  354:      T16, T17, T18, T19, T20, T21, T22, T23, T24, T25, T26, T27> Tail;
        -:  355:};
        -:  356:
        -:  357:template <typename T1, typename T2, typename T3, typename T4, typename T5,
        -:  358:    typename T6, typename T7, typename T8, typename T9, typename T10,
        -:  359:    typename T11, typename T12, typename T13, typename T14, typename T15,
        -:  360:    typename T16, typename T17, typename T18, typename T19, typename T20,
        -:  361:    typename T21, typename T22, typename T23, typename T24, typename T25,
        -:  362:    typename T26, typename T27, typename T28>
        -:  363:struct Types28 {
        -:  364:  typedef T1 Head;
        -:  365:  typedef Types27<T2, T3, T4, T5, T6, T7, T8, T9, T10, T11, T12, T13, T14, T15,
        -:  366:      T16, T17, T18, T19, T20, T21, T22, T23, T24, T25, T26, T27, T28> Tail;
        -:  367:};
        -:  368:
        -:  369:template <typename T1, typename T2, typename T3, typename T4, typename T5,
        -:  370:    typename T6, typename T7, typename T8, typename T9, typename T10,
        -:  371:    typename T11, typename T12, typename T13, typename T14, typename T15,
        -:  372:    typename T16, typename T17, typename T18, typename T19, typename T20,
        -:  373:    typename T21, typename T22, typename T23, typename T24, typename T25,
        -:  374:    typename T26, typename T27, typename T28, typename T29>
        -:  375:struct Types29 {
        -:  376:  typedef T1 Head;
        -:  377:  typedef Types28<T2, T3, T4, T5, T6, T7, T8, T9, T10, T11, T12, T13, T14, T15,
        -:  378:      T16, T17, T18, T19, T20, T21, T22, T23, T24, T25, T26, T27, T28,
        -:  379:      T29> Tail;
        -:  380:};
        -:  381:
        -:  382:template <typename T1, typename T2, typename T3, typename T4, typename T5,
        -:  383:    typename T6, typename T7, typename T8, typename T9, typename T10,
        -:  384:    typename T11, typename T12, typename T13, typename T14, typename T15,
        -:  385:    typename T16, typename T17, typename T18, typename T19, typename T20,
        -:  386:    typename T21, typename T22, typename T23, typename T24, typename T25,
        -:  387:    typename T26, typename T27, typename T28, typename T29, typename T30>
        -:  388:struct Types30 {
        -:  389:  typedef T1 Head;
        -:  390:  typedef Types29<T2, T3, T4, T5, T6, T7, T8, T9, T10, T11, T12, T13, T14, T15,
        -:  391:      T16, T17, T18, T19, T20, T21, T22, T23, T24, T25, T26, T27, T28, T29,
        -:  392:      T30> Tail;
        -:  393:};
        -:  394:
        -:  395:template <typename T1, typename T2, typename T3, typename T4, typename T5,
        -:  396:    typename T6, typename T7, typename T8, typename T9, typename T10,
        -:  397:    typename T11, typename T12, typename T13, typename T14, typename T15,
        -:  398:    typename T16, typename T17, typename T18, typename T19, typename T20,
        -:  399:    typename T21, typename T22, typename T23, typename T24, typename T25,
        -:  400:    typename T26, typename T27, typename T28, typename T29, typename T30,
        -:  401:    typename T31>
        -:  402:struct Types31 {
        -:  403:  typedef T1 Head;
        -:  404:  typedef Types30<T2, T3, T4, T5, T6, T7, T8, T9, T10, T11, T12, T13, T14, T15,
        -:  405:      T16, T17, T18, T19, T20, T21, T22, T23, T24, T25, T26, T27, T28, T29,
        -:  406:      T30, T31> Tail;
        -:  407:};
        -:  408:
        -:  409:template <typename T1, typename T2, typename T3, typename T4, typename T5,
        -:  410:    typename T6, typename T7, typename T8, typename T9, typename T10,
        -:  411:    typename T11, typename T12, typename T13, typename T14, typename T15,
        -:  412:    typename T16, typename T17, typename T18, typename T19, typename T20,
        -:  413:    typename T21, typename T22, typename T23, typename T24, typename T25,
        -:  414:    typename T26, typename T27, typename T28, typename T29, typename T30,
        -:  415:    typename T31, typename T32>
        -:  416:struct Types32 {
        -:  417:  typedef T1 Head;
        -:  418:  typedef Types31<T2, T3, T4, T5, T6, T7, T8, T9, T10, T11, T12, T13, T14, T15,
        -:  419:      T16, T17, T18, T19, T20, T21, T22, T23, T24, T25, T26, T27, T28, T29,
        -:  420:      T30, T31, T32> Tail;
        -:  421:};
        -:  422:
        -:  423:template <typename T1, typename T2, typename T3, typename T4, typename T5,
        -:  424:    typename T6, typename T7, typename T8, typename T9, typename T10,
        -:  425:    typename T11, typename T12, typename T13, typename T14, typename T15,
        -:  426:    typename T16, typename T17, typename T18, typename T19, typename T20,
        -:  427:    typename T21, typename T22, typename T23, typename T24, typename T25,
        -:  428:    typename T26, typename T27, typename T28, typename T29, typename T30,
        -:  429:    typename T31, typename T32, typename T33>
        -:  430:struct Types33 {
        -:  431:  typedef T1 Head;
        -:  432:  typedef Types32<T2, T3, T4, T5, T6, T7, T8, T9, T10, T11, T12, T13, T14, T15,
        -:  433:      T16, T17, T18, T19, T20, T21, T22, T23, T24, T25, T26, T27, T28, T29,
        -:  434:      T30, T31, T32, T33> Tail;
        -:  435:};
        -:  436:
        -:  437:template <typename T1, typename T2, typename T3, typename T4, typename T5,
        -:  438:    typename T6, typename T7, typename T8, typename T9, typename T10,
        -:  439:    typename T11, typename T12, typename T13, typename T14, typename T15,
        -:  440:    typename T16, typename T17, typename T18, typename T19, typename T20,
        -:  441:    typename T21, typename T22, typename T23, typename T24, typename T25,
        -:  442:    typename T26, typename T27, typename T28, typename T29, typename T30,
        -:  443:    typename T31, typename T32, typename T33, typename T34>
        -:  444:struct Types34 {
        -:  445:  typedef T1 Head;
        -:  446:  typedef Types33<T2, T3, T4, T5, T6, T7, T8, T9, T10, T11, T12, T13, T14, T15,
        -:  447:      T16, T17, T18, T19, T20, T21, T22, T23, T24, T25, T26, T27, T28, T29,
        -:  448:      T30, T31, T32, T33, T34> Tail;
        -:  449:};
        -:  450:
        -:  451:template <typename T1, typename T2, typename T3, typename T4, typename T5,
        -:  452:    typename T6, typename T7, typename T8, typename T9, typename T10,
        -:  453:    typename T11, typename T12, typename T13, typename T14, typename T15,
        -:  454:    typename T16, typename T17, typename T18, typename T19, typename T20,
        -:  455:    typename T21, typename T22, typename T23, typename T24, typename T25,
        -:  456:    typename T26, typename T27, typename T28, typename T29, typename T30,
        -:  457:    typename T31, typename T32, typename T33, typename T34, typename T35>
        -:  458:struct Types35 {
        -:  459:  typedef T1 Head;
        -:  460:  typedef Types34<T2, T3, T4, T5, T6, T7, T8, T9, T10, T11, T12, T13, T14, T15,
        -:  461:      T16, T17, T18, T19, T20, T21, T22, T23, T24, T25, T26, T27, T28, T29,
        -:  462:      T30, T31, T32, T33, T34, T35> Tail;
        -:  463:};
        -:  464:
        -:  465:template <typename T1, typename T2, typename T3, typename T4, typename T5,
        -:  466:    typename T6, typename T7, typename T8, typename T9, typename T10,
        -:  467:    typename T11, typename T12, typename T13, typename T14, typename T15,
        -:  468:    typename T16, typename T17, typename T18, typename T19, typename T20,
        -:  469:    typename T21, typename T22, typename T23, typename T24, typename T25,
        -:  470:    typename T26, typename T27, typename T28, typename T29, typename T30,
        -:  471:    typename T31, typename T32, typename T33, typename T34, typename T35,
        -:  472:    typename T36>
        -:  473:struct Types36 {
        -:  474:  typedef T1 Head;
        -:  475:  typedef Types35<T2, T3, T4, T5, T6, T7, T8, T9, T10, T11, T12, T13, T14, T15,
        -:  476:      T16, T17, T18, T19, T20, T21, T22, T23, T24, T25, T26, T27, T28, T29,
        -:  477:      T30, T31, T32, T33, T34, T35, T36> Tail;
        -:  478:};
        -:  479:
        -:  480:template <typename T1, typename T2, typename T3, typename T4, typename T5,
        -:  481:    typename T6, typename T7, typename T8, typename T9, typename T10,
        -:  482:    typename T11, typename T12, typename T13, typename T14, typename T15,
        -:  483:    typename T16, typename T17, typename T18, typename T19, typename T20,
        -:  484:    typename T21, typename T22, typename T23, typename T24, typename T25,
        -:  485:    typename T26, typename T27, typename T28, typename T29, typename T30,
        -:  486:    typename T31, typename T32, typename T33, typename T34, typename T35,
        -:  487:    typename T36, typename T37>
        -:  488:struct Types37 {
        -:  489:  typedef T1 Head;
        -:  490:  typedef Types36<T2, T3, T4, T5, T6, T7, T8, T9, T10, T11, T12, T13, T14, T15,
        -:  491:      T16, T17, T18, T19, T20, T21, T22, T23, T24, T25, T26, T27, T28, T29,
        -:  492:      T30, T31, T32, T33, T34, T35, T36, T37> Tail;
        -:  493:};
        -:  494:
        -:  495:template <typename T1, typename T2, typename T3, typename T4, typename T5,
        -:  496:    typename T6, typename T7, typename T8, typename T9, typename T10,
        -:  497:    typename T11, typename T12, typename T13, typename T14, typename T15,
        -:  498:    typename T16, typename T17, typename T18, typename T19, typename T20,
        -:  499:    typename T21, typename T22, typename T23, typename T24, typename T25,
        -:  500:    typename T26, typename T27, typename T28, typename T29, typename T30,
        -:  501:    typename T31, typename T32, typename T33, typename T34, typename T35,
        -:  502:    typename T36, typename T37, typename T38>
        -:  503:struct Types38 {
        -:  504:  typedef T1 Head;
        -:  505:  typedef Types37<T2, T3, T4, T5, T6, T7, T8, T9, T10, T11, T12, T13, T14, T15,
        -:  506:      T16, T17, T18, T19, T20, T21, T22, T23, T24, T25, T26, T27, T28, T29,
        -:  507:      T30, T31, T32, T33, T34, T35, T36, T37, T38> Tail;
        -:  508:};
        -:  509:
        -:  510:template <typename T1, typename T2, typename T3, typename T4, typename T5,
        -:  511:    typename T6, typename T7, typename T8, typename T9, typename T10,
        -:  512:    typename T11, typename T12, typename T13, typename T14, typename T15,
        -:  513:    typename T16, typename T17, typename T18, typename T19, typename T20,
        -:  514:    typename T21, typename T22, typename T23, typename T24, typename T25,
        -:  515:    typename T26, typename T27, typename T28, typename T29, typename T30,
        -:  516:    typename T31, typename T32, typename T33, typename T34, typename T35,
        -:  517:    typename T36, typename T37, typename T38, typename T39>
        -:  518:struct Types39 {
        -:  519:  typedef T1 Head;
        -:  520:  typedef Types38<T2, T3, T4, T5, T6, T7, T8, T9, T10, T11, T12, T13, T14, T15,
        -:  521:      T16, T17, T18, T19, T20, T21, T22, T23, T24, T25, T26, T27, T28, T29,
        -:  522:      T30, T31, T32, T33, T34, T35, T36, T37, T38, T39> Tail;
        -:  523:};
        -:  524:
        -:  525:template <typename T1, typename T2, typename T3, typename T4, typename T5,
        -:  526:    typename T6, typename T7, typename T8, typename T9, typename T10,
        -:  527:    typename T11, typename T12, typename T13, typename T14, typename T15,
        -:  528:    typename T16, typename T17, typename T18, typename T19, typename T20,
        -:  529:    typename T21, typename T22, typename T23, typename T24, typename T25,
        -:  530:    typename T26, typename T27, typename T28, typename T29, typename T30,
        -:  531:    typename T31, typename T32, typename T33, typename T34, typename T35,
        -:  532:    typename T36, typename T37, typename T38, typename T39, typename T40>
        -:  533:struct Types40 {
        -:  534:  typedef T1 Head;
        -:  535:  typedef Types39<T2, T3, T4, T5, T6, T7, T8, T9, T10, T11, T12, T13, T14, T15,
        -:  536:      T16, T17, T18, T19, T20, T21, T22, T23, T24, T25, T26, T27, T28, T29,
        -:  537:      T30, T31, T32, T33, T34, T35, T36, T37, T38, T39, T40> Tail;
        -:  538:};
        -:  539:
        -:  540:template <typename T1, typename T2, typename T3, typename T4, typename T5,
        -:  541:    typename T6, typename T7, typename T8, typename T9, typename T10,
        -:  542:    typename T11, typename T12, typename T13, typename T14, typename T15,
        -:  543:    typename T16, typename T17, typename T18, typename T19, typename T20,
        -:  544:    typename T21, typename T22, typename T23, typename T24, typename T25,
        -:  545:    typename T26, typename T27, typename T28, typename T29, typename T30,
        -:  546:    typename T31, typename T32, typename T33, typename T34, typename T35,
        -:  547:    typename T36, typename T37, typename T38, typename T39, typename T40,
        -:  548:    typename T41>
        -:  549:struct Types41 {
        -:  550:  typedef T1 Head;
        -:  551:  typedef Types40<T2, T3, T4, T5, T6, T7, T8, T9, T10, T11, T12, T13, T14, T15,
        -:  552:      T16, T17, T18, T19, T20, T21, T22, T23, T24, T25, T26, T27, T28, T29,
        -:  553:      T30, T31, T32, T33, T34, T35, T36, T37, T38, T39, T40, T41> Tail;
        -:  554:};
        -:  555:
        -:  556:template <typename T1, typename T2, typename T3, typename T4, typename T5,
        -:  557:    typename T6, typename T7, typename T8, typename T9, typename T10,
        -:  558:    typename T11, typename T12, typename T13, typename T14, typename T15,
        -:  559:    typename T16, typename T17, typename T18, typename T19, typename T20,
        -:  560:    typename T21, typename T22, typename T23, typename T24, typename T25,
        -:  561:    typename T26, typename T27, typename T28, typename T29, typename T30,
        -:  562:    typename T31, typename T32, typename T33, typename T34, typename T35,
        -:  563:    typename T36, typename T37, typename T38, typename T39, typename T40,
        -:  564:    typename T41, typename T42>
        -:  565:struct Types42 {
        -:  566:  typedef T1 Head;
        -:  567:  typedef Types41<T2, T3, T4, T5, T6, T7, T8, T9, T10, T11, T12, T13, T14, T15,
        -:  568:      T16, T17, T18, T19, T20, T21, T22, T23, T24, T25, T26, T27, T28, T29,
        -:  569:      T30, T31, T32, T33, T34, T35, T36, T37, T38, T39, T40, T41, T42> Tail;
        -:  570:};
        -:  571:
        -:  572:template <typename T1, typename T2, typename T3, typename T4, typename T5,
        -:  573:    typename T6, typename T7, typename T8, typename T9, typename T10,
        -:  574:    typename T11, typename T12, typename T13, typename T14, typename T15,
        -:  575:    typename T16, typename T17, typename T18, typename T19, typename T20,
        -:  576:    typename T21, typename T22, typename T23, typename T24, typename T25,
        -:  577:    typename T26, typename T27, typename T28, typename T29, typename T30,
        -:  578:    typename T31, typename T32, typename T33, typename T34, typename T35,
        -:  579:    typename T36, typename T37, typename T38, typename T39, typename T40,
        -:  580:    typename T41, typename T42, typename T43>
        -:  581:struct Types43 {
        -:  582:  typedef T1 Head;
        -:  583:  typedef Types42<T2, T3, T4, T5, T6, T7, T8, T9, T10, T11, T12, T13, T14, T15,
        -:  584:      T16, T17, T18, T19, T20, T21, T22, T23, T24, T25, T26, T27, T28, T29,
        -:  585:      T30, T31, T32, T33, T34, T35, T36, T37, T38, T39, T40, T41, T42,
        -:  586:      T43> Tail;
        -:  587:};
        -:  588:
        -:  589:template <typename T1, typename T2, typename T3, typename T4, typename T5,
        -:  590:    typename T6, typename T7, typename T8, typename T9, typename T10,
        -:  591:    typename T11, typename T12, typename T13, typename T14, typename T15,
        -:  592:    typename T16, typename T17, typename T18, typename T19, typename T20,
        -:  593:    typename T21, typename T22, typename T23, typename T24, typename T25,
        -:  594:    typename T26, typename T27, typename T28, typename T29, typename T30,
        -:  595:    typename T31, typename T32, typename T33, typename T34, typename T35,
        -:  596:    typename T36, typename T37, typename T38, typename T39, typename T40,
        -:  597:    typename T41, typename T42, typename T43, typename T44>
        -:  598:struct Types44 {
        -:  599:  typedef T1 Head;
        -:  600:  typedef Types43<T2, T3, T4, T5, T6, T7, T8, T9, T10, T11, T12, T13, T14, T15,
        -:  601:      T16, T17, T18, T19, T20, T21, T22, T23, T24, T25, T26, T27, T28, T29,
        -:  602:      T30, T31, T32, T33, T34, T35, T36, T37, T38, T39, T40, T41, T42, T43,
        -:  603:      T44> Tail;
        -:  604:};
        -:  605:
        -:  606:template <typename T1, typename T2, typename T3, typename T4, typename T5,
        -:  607:    typename T6, typename T7, typename T8, typename T9, typename T10,
        -:  608:    typename T11, typename T12, typename T13, typename T14, typename T15,
        -:  609:    typename T16, typename T17, typename T18, typename T19, typename T20,
        -:  610:    typename T21, typename T22, typename T23, typename T24, typename T25,
        -:  611:    typename T26, typename T27, typename T28, typename T29, typename T30,
        -:  612:    typename T31, typename T32, typename T33, typename T34, typename T35,
        -:  613:    typename T36, typename T37, typename T38, typename T39, typename T40,
        -:  614:    typename T41, typename T42, typename T43, typename T44, typename T45>
        -:  615:struct Types45 {
        -:  616:  typedef T1 Head;
        -:  617:  typedef Types44<T2, T3, T4, T5, T6, T7, T8, T9, T10, T11, T12, T13, T14, T15,
        -:  618:      T16, T17, T18, T19, T20, T21, T22, T23, T24, T25, T26, T27, T28, T29,
        -:  619:      T30, T31, T32, T33, T34, T35, T36, T37, T38, T39, T40, T41, T42, T43,
        -:  620:      T44, T45> Tail;
        -:  621:};
        -:  622:
        -:  623:template <typename T1, typename T2, typename T3, typename T4, typename T5,
        -:  624:    typename T6, typename T7, typename T8, typename T9, typename T10,
        -:  625:    typename T11, typename T12, typename T13, typename T14, typename T15,
        -:  626:    typename T16, typename T17, typename T18, typename T19, typename T20,
        -:  627:    typename T21, typename T22, typename T23, typename T24, typename T25,
        -:  628:    typename T26, typename T27, typename T28, typename T29, typename T30,
        -:  629:    typename T31, typename T32, typename T33, typename T34, typename T35,
        -:  630:    typename T36, typename T37, typename T38, typename T39, typename T40,
        -:  631:    typename T41, typename T42, typename T43, typename T44, typename T45,
        -:  632:    typename T46>
        -:  633:struct Types46 {
        -:  634:  typedef T1 Head;
        -:  635:  typedef Types45<T2, T3, T4, T5, T6, T7, T8, T9, T10, T11, T12, T13, T14, T15,
        -:  636:      T16, T17, T18, T19, T20, T21, T22, T23, T24, T25, T26, T27, T28, T29,
        -:  637:      T30, T31, T32, T33, T34, T35, T36, T37, T38, T39, T40, T41, T42, T43,
        -:  638:      T44, T45, T46> Tail;
        -:  639:};
        -:  640:
        -:  641:template <typename T1, typename T2, typename T3, typename T4, typename T5,
        -:  642:    typename T6, typename T7, typename T8, typename T9, typename T10,
        -:  643:    typename T11, typename T12, typename T13, typename T14, typename T15,
        -:  644:    typename T16, typename T17, typename T18, typename T19, typename T20,
        -:  645:    typename T21, typename T22, typename T23, typename T24, typename T25,
        -:  646:    typename T26, typename T27, typename T28, typename T29, typename T30,
        -:  647:    typename T31, typename T32, typename T33, typename T34, typename T35,
        -:  648:    typename T36, typename T37, typename T38, typename T39, typename T40,
        -:  649:    typename T41, typename T42, typename T43, typename T44, typename T45,
        -:  650:    typename T46, typename T47>
        -:  651:struct Types47 {
        -:  652:  typedef T1 Head;
        -:  653:  typedef Types46<T2, T3, T4, T5, T6, T7, T8, T9, T10, T11, T12, T13, T14, T15,
        -:  654:      T16, T17, T18, T19, T20, T21, T22, T23, T24, T25, T26, T27, T28, T29,
        -:  655:      T30, T31, T32, T33, T34, T35, T36, T37, T38, T39, T40, T41, T42, T43,
        -:  656:      T44, T45, T46, T47> Tail;
        -:  657:};
        -:  658:
        -:  659:template <typename T1, typename T2, typename T3, typename T4, typename T5,
        -:  660:    typename T6, typename T7, typename T8, typename T9, typename T10,
        -:  661:    typename T11, typename T12, typename T13, typename T14, typename T15,
        -:  662:    typename T16, typename T17, typename T18, typename T19, typename T20,
        -:  663:    typename T21, typename T22, typename T23, typename T24, typename T25,
        -:  664:    typename T26, typename T27, typename T28, typename T29, typename T30,
        -:  665:    typename T31, typename T32, typename T33, typename T34, typename T35,
        -:  666:    typename T36, typename T37, typename T38, typename T39, typename T40,
        -:  667:    typename T41, typename T42, typename T43, typename T44, typename T45,
        -:  668:    typename T46, typename T47, typename T48>
        -:  669:struct Types48 {
        -:  670:  typedef T1 Head;
        -:  671:  typedef Types47<T2, T3, T4, T5, T6, T7, T8, T9, T10, T11, T12, T13, T14, T15,
        -:  672:      T16, T17, T18, T19, T20, T21, T22, T23, T24, T25, T26, T27, T28, T29,
        -:  673:      T30, T31, T32, T33, T34, T35, T36, T37, T38, T39, T40, T41, T42, T43,
        -:  674:      T44, T45, T46, T47, T48> Tail;
        -:  675:};
        -:  676:
        -:  677:template <typename T1, typename T2, typename T3, typename T4, typename T5,
        -:  678:    typename T6, typename T7, typename T8, typename T9, typename T10,
        -:  679:    typename T11, typename T12, typename T13, typename T14, typename T15,
        -:  680:    typename T16, typename T17, typename T18, typename T19, typename T20,
        -:  681:    typename T21, typename T22, typename T23, typename T24, typename T25,
        -:  682:    typename T26, typename T27, typename T28, typename T29, typename T30,
        -:  683:    typename T31, typename T32, typename T33, typename T34, typename T35,
        -:  684:    typename T36, typename T37, typename T38, typename T39, typename T40,
        -:  685:    typename T41, typename T42, typename T43, typename T44, typename T45,
        -:  686:    typename T46, typename T47, typename T48, typename T49>
        -:  687:struct Types49 {
        -:  688:  typedef T1 Head;
        -:  689:  typedef Types48<T2, T3, T4, T5, T6, T7, T8, T9, T10, T11, T12, T13, T14, T15,
        -:  690:      T16, T17, T18, T19, T20, T21, T22, T23, T24, T25, T26, T27, T28, T29,
        -:  691:      T30, T31, T32, T33, T34, T35, T36, T37, T38, T39, T40, T41, T42, T43,
        -:  692:      T44, T45, T46, T47, T48, T49> Tail;
        -:  693:};
        -:  694:
        -:  695:template <typename T1, typename T2, typename T3, typename T4, typename T5,
        -:  696:    typename T6, typename T7, typename T8, typename T9, typename T10,
        -:  697:    typename T11, typename T12, typename T13, typename T14, typename T15,
        -:  698:    typename T16, typename T17, typename T18, typename T19, typename T20,
        -:  699:    typename T21, typename T22, typename T23, typename T24, typename T25,
        -:  700:    typename T26, typename T27, typename T28, typename T29, typename T30,
        -:  701:    typename T31, typename T32, typename T33, typename T34, typename T35,
        -:  702:    typename T36, typename T37, typename T38, typename T39, typename T40,
        -:  703:    typename T41, typename T42, typename T43, typename T44, typename T45,
        -:  704:    typename T46, typename T47, typename T48, typename T49, typename T50>
        -:  705:struct Types50 {
        -:  706:  typedef T1 Head;
        -:  707:  typedef Types49<T2, T3, T4, T5, T6, T7, T8, T9, T10, T11, T12, T13, T14, T15,
        -:  708:      T16, T17, T18, T19, T20, T21, T22, T23, T24, T25, T26, T27, T28, T29,
        -:  709:      T30, T31, T32, T33, T34, T35, T36, T37, T38, T39, T40, T41, T42, T43,
        -:  710:      T44, T45, T46, T47, T48, T49, T50> Tail;
        -:  711:};
        -:  712:
        -:  713:
        -:  714:}  // namespace internal
        -:  715:
        -:  716:// We don't want to require the users to write TypesN<...> directly,
        -:  717:// as that would require them to count the length.  Types<...> is much
        -:  718:// easier to write, but generates horrible messages when there is a
        -:  719:// compiler error, as gcc insists on printing out each template
        -:  720:// argument, even if it has the default value (this means Types<int>
        -:  721:// will appear as Types<int, None, None, ..., None> in the compiler
        -:  722:// errors).
        -:  723://
        -:  724:// Our solution is to combine the best part of the two approaches: a
        -:  725:// user would write Types<T1, ..., TN>, and Google Test will translate
        -:  726:// that to TypesN<T1, ..., TN> internally to make error messages
        -:  727:// readable.  The translation is done by the 'type' member of the
        -:  728:// Types template.
        -:  729:template <typename T1 = internal::None, typename T2 = internal::None,
        -:  730:    typename T3 = internal::None, typename T4 = internal::None,
        -:  731:    typename T5 = internal::None, typename T6 = internal::None,
        -:  732:    typename T7 = internal::None, typename T8 = internal::None,
        -:  733:    typename T9 = internal::None, typename T10 = internal::None,
        -:  734:    typename T11 = internal::None, typename T12 = internal::None,
        -:  735:    typename T13 = internal::None, typename T14 = internal::None,
        -:  736:    typename T15 = internal::None, typename T16 = internal::None,
        -:  737:    typename T17 = internal::None, typename T18 = internal::None,
        -:  738:    typename T19 = internal::None, typename T20 = internal::None,
        -:  739:    typename T21 = internal::None, typename T22 = internal::None,
        -:  740:    typename T23 = internal::None, typename T24 = internal::None,
        -:  741:    typename T25 = internal::None, typename T26 = internal::None,
        -:  742:    typename T27 = internal::None, typename T28 = internal::None,
        -:  743:    typename T29 = internal::None, typename T30 = internal::None,
        -:  744:    typename T31 = internal::None, typename T32 = internal::None,
        -:  745:    typename T33 = internal::None, typename T34 = internal::None,
        -:  746:    typename T35 = internal::None, typename T36 = internal::None,
        -:  747:    typename T37 = internal::None, typename T38 = internal::None,
        -:  748:    typename T39 = internal::None, typename T40 = internal::None,
        -:  749:    typename T41 = internal::None, typename T42 = internal::None,
        -:  750:    typename T43 = internal::None, typename T44 = internal::None,
        -:  751:    typename T45 = internal::None, typename T46 = internal::None,
        -:  752:    typename T47 = internal::None, typename T48 = internal::None,
        -:  753:    typename T49 = internal::None, typename T50 = internal::None>
        -:  754:struct Types {
        -:  755:  typedef internal::Types50<T1, T2, T3, T4, T5, T6, T7, T8, T9, T10, T11, T12,
        -:  756:      T13, T14, T15, T16, T17, T18, T19, T20, T21, T22, T23, T24, T25, T26,
        -:  757:      T27, T28, T29, T30, T31, T32, T33, T34, T35, T36, T37, T38, T39, T40,
        -:  758:      T41, T42, T43, T44, T45, T46, T47, T48, T49, T50> type;
        -:  759:};
        -:  760:
        -:  761:template <>
        -:  762:struct Types<internal::None, internal::None, internal::None, internal::None,
        -:  763:    internal::None, internal::None, internal::None, internal::None,
        -:  764:    internal::None, internal::None, internal::None, internal::None,
        -:  765:    internal::None, internal::None, internal::None, internal::None,
        -:  766:    internal::None, internal::None, internal::None, internal::None,
        -:  767:    internal::None, internal::None, internal::None, internal::None,
        -:  768:    internal::None, internal::None, internal::None, internal::None,
        -:  769:    internal::None, internal::None, internal::None, internal::None,
        -:  770:    internal::None, internal::None, internal::None, internal::None,
        -:  771:    internal::None, internal::None, internal::None, internal::None,
        -:  772:    internal::None, internal::None, internal::None, internal::None,
        -:  773:    internal::None, internal::None, internal::None, internal::None,
        -:  774:    internal::None, internal::None> {
        -:  775:  typedef internal::Types0 type;
        -:  776:};
        -:  777:template <typename T1>
        -:  778:struct Types<T1, internal::None, internal::None, internal::None,
        -:  779:    internal::None, internal::None, internal::None, internal::None,
        -:  780:    internal::None, internal::None, internal::None, internal::None,
        -:  781:    internal::None, internal::None, internal::None, internal::None,
        -:  782:    internal::None, internal::None, internal::None, internal::None,
        -:  783:    internal::None, internal::None, internal::None, internal::None,
        -:  784:    internal::None, internal::None, internal::None, internal::None,
        -:  785:    internal::None, internal::None, internal::None, internal::None,
        -:  786:    internal::None, internal::None, internal::None, internal::None,
        -:  787:    internal::None, internal::None, internal::None, internal::None,
        -:  788:    internal::None, internal::None, internal::None, internal::None,
        -:  789:    internal::None, internal::None, internal::None, internal::None,
        -:  790:    internal::None, internal::None> {
        -:  791:  typedef internal::Types1<T1> type;
        -:  792:};
        -:  793:template <typename T1, typename T2>
        -:  794:struct Types<T1, T2, internal::None, internal::None, internal::None,
        -:  795:    internal::None, internal::None, internal::None, internal::None,
        -:  796:    internal::None, internal::None, internal::None, internal::None,
        -:  797:    internal::None, internal::None, internal::None, internal::None,
        -:  798:    internal::None, internal::None, internal::None, internal::None,
        -:  799:    internal::None, internal::None, internal::None, internal::None,
        -:  800:    internal::None, internal::None, internal::None, internal::None,
        -:  801:    internal::None, internal::None, internal::None, internal::None,
        -:  802:    internal::None, internal::None, internal::None, internal::None,
        -:  803:    internal::None, internal::None, internal::None, internal::None,
        -:  804:    internal::None, internal::None, internal::None, internal::None,
        -:  805:    internal::None, internal::None, internal::None, internal::None,
        -:  806:    internal::None> {
        -:  807:  typedef internal::Types2<T1, T2> type;
        -:  808:};
        -:  809:template <typename T1, typename T2, typename T3>
        -:  810:struct Types<T1, T2, T3, internal::None, internal::None, internal::None,
        -:  811:    internal::None, internal::None, internal::None, internal::None,
        -:  812:    internal::None, internal::None, internal::None, internal::None,
        -:  813:    internal::None, internal::None, internal::None, internal::None,
        -:  814:    internal::None, internal::None, internal::None, internal::None,
        -:  815:    internal::None, internal::None, internal::None, internal::None,
        -:  816:    internal::None, internal::None, internal::None, internal::None,
        -:  817:    internal::None, internal::None, internal::None, internal::None,
        -:  818:    internal::None, internal::None, internal::None, internal::None,
        -:  819:    internal::None, internal::None, internal::None, internal::None,
        -:  820:    internal::None, internal::None, internal::None, internal::None,
        -:  821:    internal::None, internal::None, internal::None, internal::None> {
        -:  822:  typedef internal::Types3<T1, T2, T3> type;
        -:  823:};
        -:  824:template <typename T1, typename T2, typename T3, typename T4>
        -:  825:struct Types<T1, T2, T3, T4, internal::None, internal::None, internal::None,
        -:  826:    internal::None, internal::None, internal::None, internal::None,
        -:  827:    internal::None, internal::None, internal::None, internal::None,
        -:  828:    internal::None, internal::None, internal::None, internal::None,
        -:  829:    internal::None, internal::None, internal::None, internal::None,
        -:  830:    internal::None, internal::None, internal::None, internal::None,
        -:  831:    internal::None, internal::None, internal::None, internal::None,
        -:  832:    internal::None, internal::None, internal::None, internal::None,
        -:  833:    internal::None, internal::None, internal::None, internal::None,
        -:  834:    internal::None, internal::None, internal::None, internal::None,
        -:  835:    internal::None, internal::None, internal::None, internal::None,
        -:  836:    internal::None, internal::None, internal::None> {
        -:  837:  typedef internal::Types4<T1, T2, T3, T4> type;
        -:  838:};
        -:  839:template <typename T1, typename T2, typename T3, typename T4, typename T5>
        -:  840:struct Types<T1, T2, T3, T4, T5, internal::None, internal::None,
        -:  841:    internal::None, internal::None, internal::None, internal::None,
        -:  842:    internal::None, internal::None, internal::None, internal::None,
        -:  843:    internal::None, internal::None, internal::None, internal::None,
        -:  844:    internal::None, internal::None, internal::None, internal::None,
        -:  845:    internal::None, internal::None, internal::None, internal::None,
        -:  846:    internal::None, internal::None, internal::None, internal::None,
        -:  847:    internal::None, internal::None, internal::None, internal::None,
        -:  848:    internal::None, internal::None, internal::None, internal::None,
        -:  849:    internal::None, internal::None, internal::None, internal::None,
        -:  850:    internal::None, internal::None, internal::None, internal::None,
        -:  851:    internal::None, internal::None, internal::None> {
        -:  852:  typedef internal::Types5<T1, T2, T3, T4, T5> type;
        -:  853:};
        -:  854:template <typename T1, typename T2, typename T3, typename T4, typename T5,
        -:  855:    typename T6>
        -:  856:struct Types<T1, T2, T3, T4, T5, T6, internal::None, internal::None,
        -:  857:    internal::None, internal::None, internal::None, internal::None,
        -:  858:    internal::None, internal::None, internal::None, internal::None,
        -:  859:    internal::None, internal::None, internal::None, internal::None,
        -:  860:    internal::None, internal::None, internal::None, internal::None,
        -:  861:    internal::None, internal::None, internal::None, internal::None,
        -:  862:    internal::None, internal::None, internal::None, internal::None,
        -:  863:    internal::None, internal::None, internal::None, internal::None,
        -:  864:    internal::None, internal::None, internal::None, internal::None,
        -:  865:    internal::None, internal::None, internal::None, internal::None,
        -:  866:    internal::None, internal::None, internal::None, internal::None,
        -:  867:    internal::None, internal::None> {
        -:  868:  typedef internal::Types6<T1, T2, T3, T4, T5, T6> type;
        -:  869:};
        -:  870:template <typename T1, typename T2, typename T3, typename T4, typename T5,
        -:  871:    typename T6, typename T7>
        -:  872:struct Types<T1, T2, T3, T4, T5, T6, T7, internal::None, internal::None,
        -:  873:    internal::None, internal::None, internal::None, internal::None,
        -:  874:    internal::None, internal::None, internal::None, internal::None,
        -:  875:    internal::None, internal::None, internal::None, internal::None,
        -:  876:    internal::None, internal::None, internal::None, internal::None,
        -:  877:    internal::None, internal::None, internal::None, internal::None,
        -:  878:    internal::None, internal::None, internal::None, internal::None,
        -:  879:    internal::None, internal::None, internal::None, internal::None,
        -:  880:    internal::None, internal::None, internal::None, internal::None,
        -:  881:    internal::None, internal::None, internal::None, internal::None,
        -:  882:    internal::None, internal::None, internal::None, internal::None,
        -:  883:    internal::None> {
        -:  884:  typedef internal::Types7<T1, T2, T3, T4, T5, T6, T7> type;
        -:  885:};
        -:  886:template <typename T1, typename T2, typename T3, typename T4, typename T5,
        -:  887:    typename T6, typename T7, typename T8>
        -:  888:struct Types<T1, T2, T3, T4, T5, T6, T7, T8, internal::None, internal::None,
        -:  889:    internal::None, internal::None, internal::None, internal::None,
        -:  890:    internal::None, internal::None, internal::None, internal::None,
        -:  891:    internal::None, internal::None, internal::None, internal::None,
        -:  892:    internal::None, internal::None, internal::None, internal::None,
        -:  893:    internal::None, internal::None, internal::None, internal::None,
        -:  894:    internal::None, internal::None, internal::None, internal::None,
        -:  895:    internal::None, internal::None, internal::None, internal::None,
        -:  896:    internal::None, internal::None, internal::None, internal::None,
        -:  897:    internal::None, internal::None, internal::None, internal::None,
        -:  898:    internal::None, internal::None, internal::None, internal::None> {
        -:  899:  typedef internal::Types8<T1, T2, T3, T4, T5, T6, T7, T8> type;
        -:  900:};
        -:  901:template <typename T1, typename T2, typename T3, typename T4, typename T5,
        -:  902:    typename T6, typename T7, typename T8, typename T9>
        -:  903:struct Types<T1, T2, T3, T4, T5, T6, T7, T8, T9, internal::None,
        -:  904:    internal::None, internal::None, internal::None, internal::None,
        -:  905:    internal::None, internal::None, internal::None, internal::None,
        -:  906:    internal::None, internal::None, internal::None, internal::None,
        -:  907:    internal::None, internal::None, internal::None, internal::None,
        -:  908:    internal::None, internal::None, internal::None, internal::None,
        -:  909:    internal::None, internal::None, internal::None, internal::None,
        -:  910:    internal::None, internal::None, internal::None, internal::None,
        -:  911:    internal::None, internal::None, internal::None, internal::None,
        -:  912:    internal::None, internal::None, internal::None, internal::None,
        -:  913:    internal::None, internal::None, internal::None, internal::None> {
        -:  914:  typedef internal::Types9<T1, T2, T3, T4, T5, T6, T7, T8, T9> type;
        -:  915:};
        -:  916:template <typename T1, typename T2, typename T3, typename T4, typename T5,
        -:  917:    typename T6, typename T7, typename T8, typename T9, typename T10>
        -:  918:struct Types<T1, T2, T3, T4, T5, T6, T7, T8, T9, T10, internal::None,
        -:  919:    internal::None, internal::None, internal::None, internal::None,
        -:  920:    internal::None, internal::None, internal::None, internal::None,
        -:  921:    internal::None, internal::None, internal::None, internal::None,
        -:  922:    internal::None, internal::None, internal::None, internal::None,
        -:  923:    internal::None, internal::None, internal::None, internal::None,
        -:  924:    internal::None, internal::None, internal::None, internal::None,
        -:  925:    internal::None, internal::None, internal::None, internal::None,
        -:  926:    internal::None, internal::None, internal::None, internal::None,
        -:  927:    internal::None, internal::None, internal::None, internal::None,
        -:  928:    internal::None, internal::None, internal::None> {
        -:  929:  typedef internal::Types10<T1, T2, T3, T4, T5, T6, T7, T8, T9, T10> type;
        -:  930:};
        -:  931:template <typename T1, typename T2, typename T3, typename T4, typename T5,
        -:  932:    typename T6, typename T7, typename T8, typename T9, typename T10,
        -:  933:    typename T11>
        -:  934:struct Types<T1, T2, T3, T4, T5, T6, T7, T8, T9, T10, T11, internal::None,
        -:  935:    internal::None, internal::None, internal::None, internal::None,
        -:  936:    internal::None, internal::None, internal::None, internal::None,
        -:  937:    internal::None, internal::None, internal::None, internal::None,
        -:  938:    internal::None, internal::None, internal::None, internal::None,
        -:  939:    internal::None, internal::None, internal::None, internal::None,
        -:  940:    internal::None, internal::None, internal::None, internal::None,
        -:  941:    internal::None, internal::None, internal::None, internal::None,
        -:  942:    internal::None, internal::None, internal::None, internal::None,
        -:  943:    internal::None, internal::None, internal::None, internal::None,
        -:  944:    internal::None, internal::None> {
        -:  945:  typedef internal::Types11<T1, T2, T3, T4, T5, T6, T7, T8, T9, T10, T11> type;
        -:  946:};
        -:  947:template <typename T1, typename T2, typename T3, typename T4, typename T5,
        -:  948:    typename T6, typename T7, typename T8, typename T9, typename T10,
        -:  949:    typename T11, typename T12>
        -:  950:struct Types<T1, T2, T3, T4, T5, T6, T7, T8, T9, T10, T11, T12, internal::None,
        -:  951:    internal::None, internal::None, internal::None, internal::None,
        -:  952:    internal::None, internal::None, internal::None, internal::None,
        -:  953:    internal::None, internal::None, internal::None, internal::None,
        -:  954:    internal::None, internal::None, internal::None, internal::None,
        -:  955:    internal::None, internal::None, internal::None, internal::None,
        -:  956:    internal::None, internal::None, internal::None, internal::None,
        -:  957:    internal::None, internal::None, internal::None, internal::None,
        -:  958:    internal::None, internal::None, internal::None, internal::None,
        -:  959:    internal::None, internal::None, internal::None, internal::None,
        -:  960:    internal::None> {
        -:  961:  typedef internal::Types12<T1, T2, T3, T4, T5, T6, T7, T8, T9, T10, T11,
        -:  962:      T12> type;
        -:  963:};
        -:  964:template <typename T1, typename T2, typename T3, typename T4, typename T5,
        -:  965:    typename T6, typename T7, typename T8, typename T9, typename T10,
        -:  966:    typename T11, typename T12, typename T13>
        -:  967:struct Types<T1, T2, T3, T4, T5, T6, T7, T8, T9, T10, T11, T12, T13,
        -:  968:    internal::None, internal::None, internal::None, internal::None,
        -:  969:    internal::None, internal::None, internal::None, internal::None,
        -:  970:    internal::None, internal::None, internal::None, internal::None,
        -:  971:    internal::None, internal::None, internal::None, internal::None,
        -:  972:    internal::None, internal::None, internal::None, internal::None,
        -:  973:    internal::None, internal::None, internal::None, internal::None,
        -:  974:    internal::None, internal::None, internal::None, internal::None,
        -:  975:    internal::None, internal::None, internal::None, internal::None,
        -:  976:    internal::None, internal::None, internal::None, internal::None,
        -:  977:    internal::None> {
        -:  978:  typedef internal::Types13<T1, T2, T3, T4, T5, T6, T7, T8, T9, T10, T11, T12,
        -:  979:      T13> type;
        -:  980:};
        -:  981:template <typename T1, typename T2, typename T3, typename T4, typename T5,
        -:  982:    typename T6, typename T7, typename T8, typename T9, typename T10,
        -:  983:    typename T11, typename T12, typename T13, typename T14>
        -:  984:struct Types<T1, T2, T3, T4, T5, T6, T7, T8, T9, T10, T11, T12, T13, T14,
        -:  985:    internal::None, internal::None, internal::None, internal::None,
        -:  986:    internal::None, internal::None, internal::None, internal::None,
        -:  987:    internal::None, internal::None, internal::None, internal::None,
        -:  988:    internal::None, internal::None, internal::None, internal::None,
        -:  989:    internal::None, internal::None, internal::None, internal::None,
        -:  990:    internal::None, internal::None, internal::None, internal::None,
        -:  991:    internal::None, internal::None, internal::None, internal::None,
        -:  992:    internal::None, internal::None, internal::None, internal::None,
        -:  993:    internal::None, internal::None, internal::None, internal::None> {
        -:  994:  typedef internal::Types14<T1, T2, T3, T4, T5, T6, T7, T8, T9, T10, T11, T12,
        -:  995:      T13, T14> type;
        -:  996:};
        -:  997:template <typename T1, typename T2, typename T3, typename T4, typename T5,
        -:  998:    typename T6, typename T7, typename T8, typename T9, typename T10,
        -:  999:    typename T11, typename T12, typename T13, typename T14, typename T15>
        -: 1000:struct Types<T1, T2, T3, T4, T5, T6, T7, T8, T9, T10, T11, T12, T13, T14, T15,
        -: 1001:    internal::None, internal::None, internal::None, internal::None,
        -: 1002:    internal::None, internal::None, internal::None, internal::None,
        -: 1003:    internal::None, internal::None, internal::None, internal::None,
        -: 1004:    internal::None, internal::None, internal::None, internal::None,
        -: 1005:    internal::None, internal::None, internal::None, internal::None,
        -: 1006:    internal::None, internal::None, internal::None, internal::None,
        -: 1007:    internal::None, internal::None, internal::None, internal::None,
        -: 1008:    internal::None, internal::None, internal::None, internal::None,
        -: 1009:    internal::None, internal::None, internal::None> {
        -: 1010:  typedef internal::Types15<T1, T2, T3, T4, T5, T6, T7, T8, T9, T10, T11, T12,
        -: 1011:      T13, T14, T15> type;
        -: 1012:};
        -: 1013:template <typename T1, typename T2, typename T3, typename T4, typename T5,
        -: 1014:    typename T6, typename T7, typename T8, typename T9, typename T10,
        -: 1015:    typename T11, typename T12, typename T13, typename T14, typename T15,
        -: 1016:    typename T16>
        -: 1017:struct Types<T1, T2, T3, T4, T5, T6, T7, T8, T9, T10, T11, T12, T13, T14, T15,
        -: 1018:    T16, internal::None, internal::None, internal::None, internal::None,
        -: 1019:    internal::None, internal::None, internal::None, internal::None,
        -: 1020:    internal::None, internal::None, internal::None, internal::None,
        -: 1021:    internal::None, internal::None, internal::None, internal::None,
        -: 1022:    internal::None, internal::None, internal::None, internal::None,
        -: 1023:    internal::None, internal::None, internal::None, internal::None,
        -: 1024:    internal::None, internal::None, internal::None, internal::None,
        -: 1025:    internal::None, internal::None, internal::None, internal::None,
        -: 1026:    internal::None, internal::None> {
        -: 1027:  typedef internal::Types16<T1, T2, T3, T4, T5, T6, T7, T8, T9, T10, T11, T12,
        -: 1028:      T13, T14, T15, T16> type;
        -: 1029:};
        -: 1030:template <typename T1, typename T2, typename T3, typename T4, typename T5,
        -: 1031:    typename T6, typename T7, typename T8, typename T9, typename T10,
        -: 1032:    typename T11, typename T12, typename T13, typename T14, typename T15,
        -: 1033:    typename T16, typename T17>
        -: 1034:struct Types<T1, T2, T3, T4, T5, T6, T7, T8, T9, T10, T11, T12, T13, T14, T15,
        -: 1035:    T16, T17, internal::None, internal::None, internal::None, internal::None,
        -: 1036:    internal::None, internal::None, internal::None, internal::None,
        -: 1037:    internal::None, internal::None, internal::None, internal::None,
        -: 1038:    internal::None, internal::None, internal::None, internal::None,
        -: 1039:    internal::None, internal::None, internal::None, internal::None,
        -: 1040:    internal::None, internal::None, internal::None, internal::None,
        -: 1041:    internal::None, internal::None, internal::None, internal::None,
        -: 1042:    internal::None, internal::None, internal::None, internal::None,
        -: 1043:    internal::None> {
        -: 1044:  typedef internal::Types17<T1, T2, T3, T4, T5, T6, T7, T8, T9, T10, T11, T12,
        -: 1045:      T13, T14, T15, T16, T17> type;
        -: 1046:};
        -: 1047:template <typename T1, typename T2, typename T3, typename T4, typename T5,
        -: 1048:    typename T6, typename T7, typename T8, typename T9, typename T10,
        -: 1049:    typename T11, typename T12, typename T13, typename T14, typename T15,
        -: 1050:    typename T16, typename T17, typename T18>
        -: 1051:struct Types<T1, T2, T3, T4, T5, T6, T7, T8, T9, T10, T11, T12, T13, T14, T15,
        -: 1052:    T16, T17, T18, internal::None, internal::None, internal::None,
        -: 1053:    internal::None, internal::None, internal::None, internal::None,
        -: 1054:    internal::None, internal::None, internal::None, internal::None,
        -: 1055:    internal::None, internal::None, internal::None, internal::None,
        -: 1056:    internal::None, internal::None, internal::None, internal::None,
        -: 1057:    internal::None, internal::None, internal::None, internal::None,
        -: 1058:    internal::None, internal::None, internal::None, internal::None,
        -: 1059:    internal::None, internal::None, internal::None, internal::None,
        -: 1060:    internal::None> {
        -: 1061:  typedef internal::Types18<T1, T2, T3, T4, T5, T6, T7, T8, T9, T10, T11, T12,
        -: 1062:      T13, T14, T15, T16, T17, T18> type;
        -: 1063:};
        -: 1064:template <typename T1, typename T2, typename T3, typename T4, typename T5,
        -: 1065:    typename T6, typename T7, typename T8, typename T9, typename T10,
        -: 1066:    typename T11, typename T12, typename T13, typename T14, typename T15,
        -: 1067:    typename T16, typename T17, typename T18, typename T19>
        -: 1068:struct Types<T1, T2, T3, T4, T5, T6, T7, T8, T9, T10, T11, T12, T13, T14, T15,
        -: 1069:    T16, T17, T18, T19, internal::None, internal::None, internal::None,
        -: 1070:    internal::None, internal::None, internal::None, internal::None,
        -: 1071:    internal::None, internal::None, internal::None, internal::None,
        -: 1072:    internal::None, internal::None, internal::None, internal::None,
        -: 1073:    internal::None, internal::None, internal::None, internal::None,
        -: 1074:    internal::None, internal::None, internal::None, internal::None,
        -: 1075:    internal::None, internal::None, internal::None, internal::None,
        -: 1076:    internal::None, internal::None, internal::None, internal::None> {
        -: 1077:  typedef internal::Types19<T1, T2, T3, T4, T5, T6, T7, T8, T9, T10, T11, T12,
        -: 1078:      T13, T14, T15, T16, T17, T18, T19> type;
        -: 1079:};
        -: 1080:template <typename T1, typename T2, typename T3, typename T4, typename T5,
        -: 1081:    typename T6, typename T7, typename T8, typename T9, typename T10,
        -: 1082:    typename T11, typename T12, typename T13, typename T14, typename T15,
        -: 1083:    typename T16, typename T17, typename T18, typename T19, typename T20>
        -: 1084:struct Types<T1, T2, T3, T4, T5, T6, T7, T8, T9, T10, T11, T12, T13, T14, T15,
        -: 1085:    T16, T17, T18, T19, T20, internal::None, internal::None, internal::None,
        -: 1086:    internal::None, internal::None, internal::None, internal::None,
        -: 1087:    internal::None, internal::None, internal::None, internal::None,
        -: 1088:    internal::None, internal::None, internal::None, internal::None,
        -: 1089:    internal::None, internal::None, internal::None, internal::None,
        -: 1090:    internal::None, internal::None, internal::None, internal::None,
        -: 1091:    internal::None, internal::None, internal::None, internal::None,
        -: 1092:    internal::None, internal::None, internal::None> {
        -: 1093:  typedef internal::Types20<T1, T2, T3, T4, T5, T6, T7, T8, T9, T10, T11, T12,
        -: 1094:      T13, T14, T15, T16, T17, T18, T19, T20> type;
        -: 1095:};
        -: 1096:template <typename T1, typename T2, typename T3, typename T4, typename T5,
        -: 1097:    typename T6, typename T7, typename T8, typename T9, typename T10,
        -: 1098:    typename T11, typename T12, typename T13, typename T14, typename T15,
        -: 1099:    typename T16, typename T17, typename T18, typename T19, typename T20,
        -: 1100:    typename T21>
        -: 1101:struct Types<T1, T2, T3, T4, T5, T6, T7, T8, T9, T10, T11, T12, T13, T14, T15,
        -: 1102:    T16, T17, T18, T19, T20, T21, internal::None, internal::None,
        -: 1103:    internal::None, internal::None, internal::None, internal::None,
        -: 1104:    internal::None, internal::None, internal::None, internal::None,
        -: 1105:    internal::None, internal::None, internal::None, internal::None,
        -: 1106:    internal::None, internal::None, internal::None, internal::None,
        -: 1107:    internal::None, internal::None, internal::None, internal::None,
        -: 1108:    internal::None, internal::None, internal::None, internal::None,
        -: 1109:    internal::None, internal::None, internal::None> {
        -: 1110:  typedef internal::Types21<T1, T2, T3, T4, T5, T6, T7, T8, T9, T10, T11, T12,
        -: 1111:      T13, T14, T15, T16, T17, T18, T19, T20, T21> type;
        -: 1112:};
        -: 1113:template <typename T1, typename T2, typename T3, typename T4, typename T5,
        -: 1114:    typename T6, typename T7, typename T8, typename T9, typename T10,
        -: 1115:    typename T11, typename T12, typename T13, typename T14, typename T15,
        -: 1116:    typename T16, typename T17, typename T18, typename T19, typename T20,
        -: 1117:    typename T21, typename T22>
        -: 1118:struct Types<T1, T2, T3, T4, T5, T6, T7, T8, T9, T10, T11, T12, T13, T14, T15,
        -: 1119:    T16, T17, T18, T19, T20, T21, T22, internal::None, internal::None,
        -: 1120:    internal::None, internal::None, internal::None, internal::None,
        -: 1121:    internal::None, internal::None, internal::None, internal::None,
        -: 1122:    internal::None, internal::None, internal::None, internal::None,
        -: 1123:    internal::None, internal::None, internal::None, internal::None,
        -: 1124:    internal::None, internal::None, internal::None, internal::None,
        -: 1125:    internal::None, internal::None, internal::None, internal::None,
        -: 1126:    internal::None, internal::None> {
        -: 1127:  typedef internal::Types22<T1, T2, T3, T4, T5, T6, T7, T8, T9, T10, T11, T12,
        -: 1128:      T13, T14, T15, T16, T17, T18, T19, T20, T21, T22> type;
        -: 1129:};
        -: 1130:template <typename T1, typename T2, typename T3, typename T4, typename T5,
        -: 1131:    typename T6, typename T7, typename T8, typename T9, typename T10,
        -: 1132:    typename T11, typename T12, typename T13, typename T14, typename T15,
        -: 1133:    typename T16, typename T17, typename T18, typename T19, typename T20,
        -: 1134:    typename T21, typename T22, typename T23>
        -: 1135:struct Types<T1, T2, T3, T4, T5, T6, T7, T8, T9, T10, T11, T12, T13, T14, T15,
        -: 1136:    T16, T17, T18, T19, T20, T21, T22, T23, internal::None, internal::None,
        -: 1137:    internal::None, internal::None, internal::None, internal::None,
        -: 1138:    internal::None, internal::None, internal::None, internal::None,
        -: 1139:    internal::None, internal::None, internal::None, internal::None,
        -: 1140:    internal::None, internal::None, internal::None, internal::None,
        -: 1141:    internal::None, internal::None, internal::None, internal::None,
        -: 1142:    internal::None, internal::None, internal::None, internal::None,
        -: 1143:    internal::None> {
        -: 1144:  typedef internal::Types23<T1, T2, T3, T4, T5, T6, T7, T8, T9, T10, T11, T12,
        -: 1145:      T13, T14, T15, T16, T17, T18, T19, T20, T21, T22, T23> type;
        -: 1146:};
        -: 1147:template <typename T1, typename T2, typename T3, typename T4, typename T5,
        -: 1148:    typename T6, typename T7, typename T8, typename T9, typename T10,
        -: 1149:    typename T11, typename T12, typename T13, typename T14, typename T15,
        -: 1150:    typename T16, typename T17, typename T18, typename T19, typename T20,
        -: 1151:    typename T21, typename T22, typename T23, typename T24>
        -: 1152:struct Types<T1, T2, T3, T4, T5, T6, T7, T8, T9, T10, T11, T12, T13, T14, T15,
        -: 1153:    T16, T17, T18, T19, T20, T21, T22, T23, T24, internal::None,
        -: 1154:    internal::None, internal::None, internal::None, internal::None,
        -: 1155:    internal::None, internal::None, internal::None, internal::None,
        -: 1156:    internal::None, internal::None, internal::None, internal::None,
        -: 1157:    internal::None, internal::None, internal::None, internal::None,
        -: 1158:    internal::None, internal::None, internal::None, internal::None,
[...]
        -: 3075:      T14, T15, T16, T17, T18, T19, T20, T21, T22, T23, T24, T25, T26, T27,
        -: 3076:      T28, T29, T30, T31, T32, T33, T34, T35, T36, T37, T38, T39, T40> type;
        -: 3077:};
        -: 3078:template <GTEST_TEMPLATE_ T1, GTEST_TEMPLATE_ T2, GTEST_TEMPLATE_ T3,
        -: 3079:    GTEST_TEMPLATE_ T4, GTEST_TEMPLATE_ T5, GTEST_TEMPLATE_ T6,
        -: 3080:    GTEST_TEMPLATE_ T7, GTEST_TEMPLATE_ T8, GTEST_TEMPLATE_ T9,
        -: 3081:    GTEST_TEMPLATE_ T10, GTEST_TEMPLATE_ T11, GTEST_TEMPLATE_ T12,
        -: 3082:    GTEST_TEMPLATE_ T13, GTEST_TEMPLATE_ T14, GTEST_TEMPLATE_ T15,
        -: 3083:    GTEST_TEMPLATE_ T16, GTEST_TEMPLATE_ T17, GTEST_TEMPLATE_ T18,
        -: 3084:    GTEST_TEMPLATE_ T19, GTEST_TEMPLATE_ T20, GTEST_TEMPLATE_ T21,
        -: 3085:    GTEST_TEMPLATE_ T22, GTEST_TEMPLATE_ T23, GTEST_TEMPLATE_ T24,
        -: 3086:    GTEST_TEMPLATE_ T25, GTEST_TEMPLATE_ T26, GTEST_TEMPLATE_ T27,
        -: 3087:    GTEST_TEMPLATE_ T28, GTEST_TEMPLATE_ T29, GTEST_TEMPLATE_ T30,
        -: 3088:    GTEST_TEMPLATE_ T31, GTEST_TEMPLATE_ T32, GTEST_TEMPLATE_ T33,
        -: 3089:    GTEST_TEMPLATE_ T34, GTEST_TEMPLATE_ T35, GTEST_TEMPLATE_ T36,
        -: 3090:    GTEST_TEMPLATE_ T37, GTEST_TEMPLATE_ T38, GTEST_TEMPLATE_ T39,
        -: 3091:    GTEST_TEMPLATE_ T40, GTEST_TEMPLATE_ T41>
        -: 3092:struct Templates<T1, T2, T3, T4, T5, T6, T7, T8, T9, T10, T11, T12, T13, T14,
        -: 3093:    T15, T16, T17, T18, T19, T20, T21, T22, T23, T24, T25, T26, T27, T28, T29,
        -: 3094:    T30, T31, T32, T33, T34, T35, T36, T37, T38, T39, T40, T41, NoneT, NoneT,
        -: 3095:    NoneT, NoneT, NoneT, NoneT, NoneT, NoneT, NoneT> {
        -: 3096:  typedef Templates41<T1, T2, T3, T4, T5, T6, T7, T8, T9, T10, T11, T12, T13,
        -: 3097:      T14, T15, T16, T17, T18, T19, T20, T21, T22, T23, T24, T25, T26, T27,
        -: 3098:      T28, T29, T30, T31, T32, T33, T34, T35, T36, T37, T38, T39, T40,
        -: 3099:      T41> type;
        -: 3100:};
        -: 3101:template <GTEST_TEMPLATE_ T1, GTEST_TEMPLATE_ T2, GTEST_TEMPLATE_ T3,
        -: 3102:    GTEST_TEMPLATE_ T4, GTEST_TEMPLATE_ T5, GTEST_TEMPLATE_ T6,
        -: 3103:    GTEST_TEMPLATE_ T7, GTEST_TEMPLATE_ T8, GTEST_TEMPLATE_ T9,
        -: 3104:    GTEST_TEMPLATE_ T10, GTEST_TEMPLATE_ T11, GTEST_TEMPLATE_ T12,
        -: 3105:    GTEST_TEMPLATE_ T13, GTEST_TEMPLATE_ T14, GTEST_TEMPLATE_ T15,
        -: 3106:    GTEST_TEMPLATE_ T16, GTEST_TEMPLATE_ T17, GTEST_TEMPLATE_ T18,
        -: 3107:    GTEST_TEMPLATE_ T19, GTEST_TEMPLATE_ T20, GTEST_TEMPLATE_ T21,
        -: 3108:    GTEST_TEMPLATE_ T22, GTEST_TEMPLATE_ T23, GTEST_TEMPLATE_ T24,
        -: 3109:    GTEST_TEMPLATE_ T25, GTEST_TEMPLATE_ T26, GTEST_TEMPLATE_ T27,
        -: 3110:    GTEST_TEMPLATE_ T28, GTEST_TEMPLATE_ T29, GTEST_TEMPLATE_ T30,
        -: 3111:    GTEST_TEMPLATE_ T31, GTEST_TEMPLATE_ T32, GTEST_TEMPLATE_ T33,
        -: 3112:    GTEST_TEMPLATE_ T34, GTEST_TEMPLATE_ T35, GTEST_TEMPLATE_ T36,
        -: 3113:    GTEST_TEMPLATE_ T37, GTEST_TEMPLATE_ T38, GTEST_TEMPLATE_ T39,
        -: 3114:    GTEST_TEMPLATE_ T40, GTEST_TEMPLATE_ T41, GTEST_TEMPLATE_ T42>
        -: 3115:struct Templates<T1, T2, T3, T4, T5, T6, T7, T8, T9, T10, T11, T12, T13, T14,
        -: 3116:    T15, T16, T17, T18, T19, T20, T21, T22, T23, T24, T25, T26, T27, T28, T29,
        -: 3117:    T30, T31, T32, T33, T34, T35, T36, T37, T38, T39, T40, T41, T42, NoneT,
        -: 3118:    NoneT, NoneT, NoneT, NoneT, NoneT, NoneT, NoneT> {
        -: 3119:  typedef Templates42<T1, T2, T3, T4, T5, T6, T7, T8, T9, T10, T11, T12, T13,
        -: 3120:      T14, T15, T16, T17, T18, T19, T20, T21, T22, T23, T24, T25, T26, T27,
        -: 3121:      T28, T29, T30, T31, T32, T33, T34, T35, T36, T37, T38, T39, T40, T41,
        -: 3122:      T42> type;
        -: 3123:};
        -: 3124:template <GTEST_TEMPLATE_ T1, GTEST_TEMPLATE_ T2, GTEST_TEMPLATE_ T3,
        -: 3125:    GTEST_TEMPLATE_ T4, GTEST_TEMPLATE_ T5, GTEST_TEMPLATE_ T6,
        -: 3126:    GTEST_TEMPLATE_ T7, GTEST_TEMPLATE_ T8, GTEST_TEMPLATE_ T9,
        -: 3127:    GTEST_TEMPLATE_ T10, GTEST_TEMPLATE_ T11, GTEST_TEMPLATE_ T12,
        -: 3128:    GTEST_TEMPLATE_ T13, GTEST_TEMPLATE_ T14, GTEST_TEMPLATE_ T15,
        -: 3129:    GTEST_TEMPLATE_ T16, GTEST_TEMPLATE_ T17, GTEST_TEMPLATE_ T18,
        -: 3130:    GTEST_TEMPLATE_ T19, GTEST_TEMPLATE_ T20, GTEST_TEMPLATE_ T21,
        -: 3131:    GTEST_TEMPLATE_ T22, GTEST_TEMPLATE_ T23, GTEST_TEMPLATE_ T24,
        -: 3132:    GTEST_TEMPLATE_ T25, GTEST_TEMPLATE_ T26, GTEST_TEMPLATE_ T27,
        -: 3133:    GTEST_TEMPLATE_ T28, GTEST_TEMPLATE_ T29, GTEST_TEMPLATE_ T30,
        -: 3134:    GTEST_TEMPLATE_ T31, GTEST_TEMPLATE_ T32, GTEST_TEMPLATE_ T33,
        -: 3135:    GTEST_TEMPLATE_ T34, GTEST_TEMPLATE_ T35, GTEST_TEMPLATE_ T36,
        -: 3136:    GTEST_TEMPLATE_ T37, GTEST_TEMPLATE_ T38, GTEST_TEMPLATE_ T39,
        -: 3137:    GTEST_TEMPLATE_ T40, GTEST_TEMPLATE_ T41, GTEST_TEMPLATE_ T42,
        -: 3138:    GTEST_TEMPLATE_ T43>
        -: 3139:struct Templates<T1, T2, T3, T4, T5, T6, T7, T8, T9, T10, T11, T12, T13, T14,
        -: 3140:    T15, T16, T17, T18, T19, T20, T21, T22, T23, T24, T25, T26, T27, T28, T29,
        -: 3141:    T30, T31, T32, T33, T34, T35, T36, T37, T38, T39, T40, T41, T42, T43,
        -: 3142:    NoneT, NoneT, NoneT, NoneT, NoneT, NoneT, NoneT> {
        -: 3143:  typedef Templates43<T1, T2, T3, T4, T5, T6, T7, T8, T9, T10, T11, T12, T13,
        -: 3144:      T14, T15, T16, T17, T18, T19, T20, T21, T22, T23, T24, T25, T26, T27,
        -: 3145:      T28, T29, T30, T31, T32, T33, T34, T35, T36, T37, T38, T39, T40, T41,
        -: 3146:      T42, T43> type;
        -: 3147:};
        -: 3148:template <GTEST_TEMPLATE_ T1, GTEST_TEMPLATE_ T2, GTEST_TEMPLATE_ T3,
        -: 3149:    GTEST_TEMPLATE_ T4, GTEST_TEMPLATE_ T5, GTEST_TEMPLATE_ T6,
        -: 3150:    GTEST_TEMPLATE_ T7, GTEST_TEMPLATE_ T8, GTEST_TEMPLATE_ T9,
        -: 3151:    GTEST_TEMPLATE_ T10, GTEST_TEMPLATE_ T11, GTEST_TEMPLATE_ T12,
        -: 3152:    GTEST_TEMPLATE_ T13, GTEST_TEMPLATE_ T14, GTEST_TEMPLATE_ T15,
        -: 3153:    GTEST_TEMPLATE_ T16, GTEST_TEMPLATE_ T17, GTEST_TEMPLATE_ T18,
        -: 3154:    GTEST_TEMPLATE_ T19, GTEST_TEMPLATE_ T20, GTEST_TEMPLATE_ T21,
        -: 3155:    GTEST_TEMPLATE_ T22, GTEST_TEMPLATE_ T23, GTEST_TEMPLATE_ T24,
        -: 3156:    GTEST_TEMPLATE_ T25, GTEST_TEMPLATE_ T26, GTEST_TEMPLATE_ T27,
        -: 3157:    GTEST_TEMPLATE_ T28, GTEST_TEMPLATE_ T29, GTEST_TEMPLATE_ T30,
        -: 3158:    GTEST_TEMPLATE_ T31, GTEST_TEMPLATE_ T32, GTEST_TEMPLATE_ T33,
        -: 3159:    GTEST_TEMPLATE_ T34, GTEST_TEMPLATE_ T35, GTEST_TEMPLATE_ T36,
        -: 3160:    GTEST_TEMPLATE_ T37, GTEST_TEMPLATE_ T38, GTEST_TEMPLATE_ T39,
        -: 3161:    GTEST_TEMPLATE_ T40, GTEST_TEMPLATE_ T41, GTEST_TEMPLATE_ T42,
        -: 3162:    GTEST_TEMPLATE_ T43, GTEST_TEMPLATE_ T44>
        -: 3163:struct Templates<T1, T2, T3, T4, T5, T6, T7, T8, T9, T10, T11, T12, T13, T14,
        -: 3164:    T15, T16, T17, T18, T19, T20, T21, T22, T23, T24, T25, T26, T27, T28, T29,
        -: 3165:    T30, T31, T32, T33, T34, T35, T36, T37, T38, T39, T40, T41, T42, T43, T44,
        -: 3166:    NoneT, NoneT, NoneT, NoneT, NoneT, NoneT> {
        -: 3167:  typedef Templates44<T1, T2, T3, T4, T5, T6, T7, T8, T9, T10, T11, T12, T13,
        -: 3168:      T14, T15, T16, T17, T18, T19, T20, T21, T22, T23, T24, T25, T26, T27,
        -: 3169:      T28, T29, T30, T31, T32, T33, T34, T35, T36, T37, T38, T39, T40, T41,
        -: 3170:      T42, T43, T44> type;
        -: 3171:};
        -: 3172:template <GTEST_TEMPLATE_ T1, GTEST_TEMPLATE_ T2, GTEST_TEMPLATE_ T3,
        -: 3173:    GTEST_TEMPLATE_ T4, GTEST_TEMPLATE_ T5, GTEST_TEMPLATE_ T6,
        -: 3174:    GTEST_TEMPLATE_ T7, GTEST_TEMPLATE_ T8, GTEST_TEMPLATE_ T9,
        -: 3175:    GTEST_TEMPLATE_ T10, GTEST_TEMPLATE_ T11, GTEST_TEMPLATE_ T12,
        -: 3176:    GTEST_TEMPLATE_ T13, GTEST_TEMPLATE_ T14, GTEST_TEMPLATE_ T15,
        -: 3177:    GTEST_TEMPLATE_ T16, GTEST_TEMPLATE_ T17, GTEST_TEMPLATE_ T18,
        -: 3178:    GTEST_TEMPLATE_ T19, GTEST_TEMPLATE_ T20, GTEST_TEMPLATE_ T21,
        -: 3179:    GTEST_TEMPLATE_ T22, GTEST_TEMPLATE_ T23, GTEST_TEMPLATE_ T24,
        -: 3180:    GTEST_TEMPLATE_ T25, GTEST_TEMPLATE_ T26, GTEST_TEMPLATE_ T27,
        -: 3181:    GTEST_TEMPLATE_ T28, GTEST_TEMPLATE_ T29, GTEST_TEMPLATE_ T30,
        -: 3182:    GTEST_TEMPLATE_ T31, GTEST_TEMPLATE_ T32, GTEST_TEMPLATE_ T33,
        -: 3183:    GTEST_TEMPLATE_ T34, GTEST_TEMPLATE_ T35, GTEST_TEMPLATE_ T36,
        -: 3184:    GTEST_TEMPLATE_ T37, GTEST_TEMPLATE_ T38, GTEST_TEMPLATE_ T39,
        -: 3185:    GTEST_TEMPLATE_ T40, GTEST_TEMPLATE_ T41, GTEST_TEMPLATE_ T42,
        -: 3186:    GTEST_TEMPLATE_ T43, GTEST_TEMPLATE_ T44, GTEST_TEMPLATE_ T45>
        -: 3187:struct Templates<T1, T2, T3, T4, T5, T6, T7, T8, T9, T10, T11, T12, T13, T14,
        -: 3188:    T15, T16, T17, T18, T19, T20, T21, T22, T23, T24, T25, T26, T27, T28, T29,
        -: 3189:    T30, T31, T32, T33, T34, T35, T36, T37, T38, T39, T40, T41, T42, T43, T44,
        -: 3190:    T45, NoneT, NoneT, NoneT, NoneT, NoneT> {
        -: 3191:  typedef Templates45<T1, T2, T3, T4, T5, T6, T7, T8, T9, T10, T11, T12, T13,
        -: 3192:      T14, T15, T16, T17, T18, T19, T20, T21, T22, T23, T24, T25, T26, T27,
        -: 3193:      T28, T29, T30, T31, T32, T33, T34, T35, T36, T37, T38, T39, T40, T41,
        -: 3194:      T42, T43, T44, T45> type;
        -: 3195:};
        -: 3196:template <GTEST_TEMPLATE_ T1, GTEST_TEMPLATE_ T2, GTEST_TEMPLATE_ T3,
        -: 3197:    GTEST_TEMPLATE_ T4, GTEST_TEMPLATE_ T5, GTEST_TEMPLATE_ T6,
        -: 3198:    GTEST_TEMPLATE_ T7, GTEST_TEMPLATE_ T8, GTEST_TEMPLATE_ T9,
        -: 3199:    GTEST_TEMPLATE_ T10, GTEST_TEMPLATE_ T11, GTEST_TEMPLATE_ T12,
        -: 3200:    GTEST_TEMPLATE_ T13, GTEST_TEMPLATE_ T14, GTEST_TEMPLATE_ T15,
        -: 3201:    GTEST_TEMPLATE_ T16, GTEST_TEMPLATE_ T17, GTEST_TEMPLATE_ T18,
        -: 3202:    GTEST_TEMPLATE_ T19, GTEST_TEMPLATE_ T20, GTEST_TEMPLATE_ T21,
        -: 3203:    GTEST_TEMPLATE_ T22, GTEST_TEMPLATE_ T23, GTEST_TEMPLATE_ T24,
        -: 3204:    GTEST_TEMPLATE_ T25, GTEST_TEMPLATE_ T26, GTEST_TEMPLATE_ T27,
        -: 3205:    GTEST_TEMPLATE_ T28, GTEST_TEMPLATE_ T29, GTEST_TEMPLATE_ T30,
        -: 3206:    GTEST_TEMPLATE_ T31, GTEST_TEMPLATE_ T32, GTEST_TEMPLATE_ T33,
        -: 3207:    GTEST_TEMPLATE_ T34, GTEST_TEMPLATE_ T35, GTEST_TEMPLATE_ T36,
        -: 3208:    GTEST_TEMPLATE_ T37, GTEST_TEMPLATE_ T38, GTEST_TEMPLATE_ T39,
        -: 3209:    GTEST_TEMPLATE_ T40, GTEST_TEMPLATE_ T41, GTEST_TEMPLATE_ T42,
        -: 3210:    GTEST_TEMPLATE_ T43, GTEST_TEMPLATE_ T44, GTEST_TEMPLATE_ T45,
        -: 3211:    GTEST_TEMPLATE_ T46>
        -: 3212:struct Templates<T1, T2, T3, T4, T5, T6, T7, T8, T9, T10, T11, T12, T13, T14,
        -: 3213:    T15, T16, T17, T18, T19, T20, T21, T22, T23, T24, T25, T26, T27, T28, T29,
        -: 3214:    T30, T31, T32, T33, T34, T35, T36, T37, T38, T39, T40, T41, T42, T43, T44,
        -: 3215:    T45, T46, NoneT, NoneT, NoneT, NoneT> {
        -: 3216:  typedef Templates46<T1, T2, T3, T4, T5, T6, T7, T8, T9, T10, T11, T12, T13,
        -: 3217:      T14, T15, T16, T17, T18, T19, T20, T21, T22, T23, T24, T25, T26, T27,
        -: 3218:      T28, T29, T30, T31, T32, T33, T34, T35, T36, T37, T38, T39, T40, T41,
        -: 3219:      T42, T43, T44, T45, T46> type;
        -: 3220:};
        -: 3221:template <GTEST_TEMPLATE_ T1, GTEST_TEMPLATE_ T2, GTEST_TEMPLATE_ T3,
        -: 3222:    GTEST_TEMPLATE_ T4, GTEST_TEMPLATE_ T5, GTEST_TEMPLATE_ T6,
        -: 3223:    GTEST_TEMPLATE_ T7, GTEST_TEMPLATE_ T8, GTEST_TEMPLATE_ T9,
        -: 3224:    GTEST_TEMPLATE_ T10, GTEST_TEMPLATE_ T11, GTEST_TEMPLATE_ T12,
        -: 3225:    GTEST_TEMPLATE_ T13, GTEST_TEMPLATE_ T14, GTEST_TEMPLATE_ T15,
        -: 3226:    GTEST_TEMPLATE_ T16, GTEST_TEMPLATE_ T17, GTEST_TEMPLATE_ T18,
        -: 3227:    GTEST_TEMPLATE_ T19, GTEST_TEMPLATE_ T20, GTEST_TEMPLATE_ T21,
        -: 3228:    GTEST_TEMPLATE_ T22, GTEST_TEMPLATE_ T23, GTEST_TEMPLATE_ T24,
        -: 3229:    GTEST_TEMPLATE_ T25, GTEST_TEMPLATE_ T26, GTEST_TEMPLATE_ T27,
        -: 3230:    GTEST_TEMPLATE_ T28, GTEST_TEMPLATE_ T29, GTEST_TEMPLATE_ T30,
        -: 3231:    GTEST_TEMPLATE_ T31, GTEST_TEMPLATE_ T32, GTEST_TEMPLATE_ T33,
        -: 3232:    GTEST_TEMPLATE_ T34, GTEST_TEMPLATE_ T35, GTEST_TEMPLATE_ T36,
        -: 3233:    GTEST_TEMPLATE_ T37, GTEST_TEMPLATE_ T38, GTEST_TEMPLATE_ T39,
        -: 3234:    GTEST_TEMPLATE_ T40, GTEST_TEMPLATE_ T41, GTEST_TEMPLATE_ T42,
        -: 3235:    GTEST_TEMPLATE_ T43, GTEST_TEMPLATE_ T44, GTEST_TEMPLATE_ T45,
        -: 3236:    GTEST_TEMPLATE_ T46, GTEST_TEMPLATE_ T47>
        -: 3237:struct Templates<T1, T2, T3, T4, T5, T6, T7, T8, T9, T10, T11, T12, T13, T14,
        -: 3238:    T15, T16, T17, T18, T19, T20, T21, T22, T23, T24, T25, T26, T27, T28, T29,
        -: 3239:    T30, T31, T32, T33, T34, T35, T36, T37, T38, T39, T40, T41, T42, T43, T44,
        -: 3240:    T45, T46, T47, NoneT, NoneT, NoneT> {
        -: 3241:  typedef Templates47<T1, T2, T3, T4, T5, T6, T7, T8, T9, T10, T11, T12, T13,
        -: 3242:      T14, T15, T16, T17, T18, T19, T20, T21, T22, T23, T24, T25, T26, T27,
        -: 3243:      T28, T29, T30, T31, T32, T33, T34, T35, T36, T37, T38, T39, T40, T41,
        -: 3244:      T42, T43, T44, T45, T46, T47> type;
        -: 3245:};
        -: 3246:template <GTEST_TEMPLATE_ T1, GTEST_TEMPLATE_ T2, GTEST_TEMPLATE_ T3,
        -: 3247:    GTEST_TEMPLATE_ T4, GTEST_TEMPLATE_ T5, GTEST_TEMPLATE_ T6,
        -: 3248:    GTEST_TEMPLATE_ T7, GTEST_TEMPLATE_ T8, GTEST_TEMPLATE_ T9,
        -: 3249:    GTEST_TEMPLATE_ T10, GTEST_TEMPLATE_ T11, GTEST_TEMPLATE_ T12,
        -: 3250:    GTEST_TEMPLATE_ T13, GTEST_TEMPLATE_ T14, GTEST_TEMPLATE_ T15,
        -: 3251:    GTEST_TEMPLATE_ T16, GTEST_TEMPLATE_ T17, GTEST_TEMPLATE_ T18,
        -: 3252:    GTEST_TEMPLATE_ T19, GTEST_TEMPLATE_ T20, GTEST_TEMPLATE_ T21,
        -: 3253:    GTEST_TEMPLATE_ T22, GTEST_TEMPLATE_ T23, GTEST_TEMPLATE_ T24,
        -: 3254:    GTEST_TEMPLATE_ T25, GTEST_TEMPLATE_ T26, GTEST_TEMPLATE_ T27,
        -: 3255:    GTEST_TEMPLATE_ T28, GTEST_TEMPLATE_ T29, GTEST_TEMPLATE_ T30,
        -: 3256:    GTEST_TEMPLATE_ T31, GTEST_TEMPLATE_ T32, GTEST_TEMPLATE_ T33,
        -: 3257:    GTEST_TEMPLATE_ T34, GTEST_TEMPLATE_ T35, GTEST_TEMPLATE_ T36,
        -: 3258:    GTEST_TEMPLATE_ T37, GTEST_TEMPLATE_ T38, GTEST_TEMPLATE_ T39,
        -: 3259:    GTEST_TEMPLATE_ T40, GTEST_TEMPLATE_ T41, GTEST_TEMPLATE_ T42,
        -: 3260:    GTEST_TEMPLATE_ T43, GTEST_TEMPLATE_ T44, GTEST_TEMPLATE_ T45,
        -: 3261:    GTEST_TEMPLATE_ T46, GTEST_TEMPLATE_ T47, GTEST_TEMPLATE_ T48>
        -: 3262:struct Templates<T1, T2, T3, T4, T5, T6, T7, T8, T9, T10, T11, T12, T13, T14,
        -: 3263:    T15, T16, T17, T18, T19, T20, T21, T22, T23, T24, T25, T26, T27, T28, T29,
        -: 3264:    T30, T31, T32, T33, T34, T35, T36, T37, T38, T39, T40, T41, T42, T43, T44,
        -: 3265:    T45, T46, T47, T48, NoneT, NoneT> {
        -: 3266:  typedef Templates48<T1, T2, T3, T4, T5, T6, T7, T8, T9, T10, T11, T12, T13,
        -: 3267:      T14, T15, T16, T17, T18, T19, T20, T21, T22, T23, T24, T25, T26, T27,
        -: 3268:      T28, T29, T30, T31, T32, T33, T34, T35, T36, T37, T38, T39, T40, T41,
        -: 3269:      T42, T43, T44, T45, T46, T47, T48> type;
        -: 3270:};
        -: 3271:template <GTEST_TEMPLATE_ T1, GTEST_TEMPLATE_ T2, GTEST_TEMPLATE_ T3,
        -: 3272:    GTEST_TEMPLATE_ T4, GTEST_TEMPLATE_ T5, GTEST_TEMPLATE_ T6,
        -: 3273:    GTEST_TEMPLATE_ T7, GTEST_TEMPLATE_ T8, GTEST_TEMPLATE_ T9,
        -: 3274:    GTEST_TEMPLATE_ T10, GTEST_TEMPLATE_ T11, GTEST_TEMPLATE_ T12,
        -: 3275:    GTEST_TEMPLATE_ T13, GTEST_TEMPLATE_ T14, GTEST_TEMPLATE_ T15,
        -: 3276:    GTEST_TEMPLATE_ T16, GTEST_TEMPLATE_ T17, GTEST_TEMPLATE_ T18,
        -: 3277:    GTEST_TEMPLATE_ T19, GTEST_TEMPLATE_ T20, GTEST_TEMPLATE_ T21,
        -: 3278:    GTEST_TEMPLATE_ T22, GTEST_TEMPLATE_ T23, GTEST_TEMPLATE_ T24,
        -: 3279:    GTEST_TEMPLATE_ T25, GTEST_TEMPLATE_ T26, GTEST_TEMPLATE_ T27,
        -: 3280:    GTEST_TEMPLATE_ T28, GTEST_TEMPLATE_ T29, GTEST_TEMPLATE_ T30,
        -: 3281:    GTEST_TEMPLATE_ T31, GTEST_TEMPLATE_ T32, GTEST_TEMPLATE_ T33,
        -: 3282:    GTEST_TEMPLATE_ T34, GTEST_TEMPLATE_ T35, GTEST_TEMPLATE_ T36,
        -: 3283:    GTEST_TEMPLATE_ T37, GTEST_TEMPLATE_ T38, GTEST_TEMPLATE_ T39,
        -: 3284:    GTEST_TEMPLATE_ T40, GTEST_TEMPLATE_ T41, GTEST_TEMPLATE_ T42,
        -: 3285:    GTEST_TEMPLATE_ T43, GTEST_TEMPLATE_ T44, GTEST_TEMPLATE_ T45,
        -: 3286:    GTEST_TEMPLATE_ T46, GTEST_TEMPLATE_ T47, GTEST_TEMPLATE_ T48,
        -: 3287:    GTEST_TEMPLATE_ T49>
        -: 3288:struct Templates<T1, T2, T3, T4, T5, T6, T7, T8, T9, T10, T11, T12, T13, T14,
        -: 3289:    T15, T16, T17, T18, T19, T20, T21, T22, T23, T24, T25, T26, T27, T28, T29,
        -: 3290:    T30, T31, T32, T33, T34, T35, T36, T37, T38, T39, T40, T41, T42, T43, T44,
        -: 3291:    T45, T46, T47, T48, T49, NoneT> {
        -: 3292:  typedef Templates49<T1, T2, T3, T4, T5, T6, T7, T8, T9, T10, T11, T12, T13,
        -: 3293:      T14, T15, T16, T17, T18, T19, T20, T21, T22, T23, T24, T25, T26, T27,
        -: 3294:      T28, T29, T30, T31, T32, T33, T34, T35, T36, T37, T38, T39, T40, T41,
        -: 3295:      T42, T43, T44, T45, T46, T47, T48, T49> type;
        -: 3296:};
        -: 3297:
        -: 3298:// The TypeList template makes it possible to use either a single type
        -: 3299:// or a Types<...> list in TYPED_TEST_CASE() and
        -: 3300:// INSTANTIATE_TYPED_TEST_CASE_P().
        -: 3301:
        -: 3302:template <typename T>
        -: 3303:struct TypeList { typedef Types1<T> type; };
        -: 3304:
        -: 3305:template <typename T1, typename T2, typename T3, typename T4, typename T5,
        -: 3306:    typename T6, typename T7, typename T8, typename T9, typename T10,
        -: 3307:    typename T11, typename T12, typename T13, typename T14, typename T15,
        -: 3308:    typename T16, typename T17, typename T18, typename T19, typename T20,
        -: 3309:    typename T21, typename T22, typename T23, typename T24, typename T25,
        -: 3310:    typename T26, typename T27, typename T28, typename T29, typename T30,
        -: 3311:    typename T31, typename T32, typename T33, typename T34, typename T35,
        -: 3312:    typename T36, typename T37, typename T38, typename T39, typename T40,
        -: 3313:    typename T41, typename T42, typename T43, typename T44, typename T45,
        -: 3314:    typename T46, typename T47, typename T48, typename T49, typename T50>
        -: 3315:struct TypeList<Types<T1, T2, T3, T4, T5, T6, T7, T8, T9, T10, T11, T12, T13,
        -: 3316:    T14, T15, T16, T17, T18, T19, T20, T21, T22, T23, T24, T25, T26, T27, T28,
        -: 3317:    T29, T30, T31, T32, T33, T34, T35, T36, T37, T38, T39, T40, T41, T42, T43,
        -: 3318:    T44, T45, T46, T47, T48, T49, T50> > {
        -: 3319:  typedef typename Types<T1, T2, T3, T4, T5, T6, T7, T8, T9, T10, T11, T12,
        -: 3320:      T13, T14, T15, T16, T17, T18, T19, T20, T21, T22, T23, T24, T25, T26,
        -: 3321:      T27, T28, T29, T30, T31, T32, T33, T34, T35, T36, T37, T38, T39, T40,
        -: 3322:      T41, T42, T43, T44, T45, T46, T47, T48, T49, T50>::type type;
        -: 3323:};
        -: 3324:
        -: 3325:#endif  // GTEST_HAS_TYPED_TEST || GTEST_HAS_TYPED_TEST_P
        -: 3326:
        -: 3327:}  // namespace internal
        -: 3328:}  // namespace testing
        -: 3329:
        -: 3330:#endif  // GTEST_INCLUDE_GTEST_INTERNAL_GTEST_TYPE_UTIL_H_
